2019-03-19 22:18:58.597 [info] <0.43.0> Application lager started on node nonode@nohost
2019-03-19 22:18:58.604 [info] <0.43.0> Application jsx started on node nonode@nohost
2019-03-19 22:18:58.744 [info] <0.43.0> Application ranch started on node nonode@nohost
2019-03-19 22:18:58.749 [info] <0.43.0> Application recon started on node nonode@nohost
2019-03-19 22:18:58.750 [info] <0.43.0> Application rabbit_common started on node nonode@nohost
2019-03-19 22:18:58.824 [info] <0.43.0> Application amqp_client started on node nonode@nohost
2019-03-19 22:19:15.026 [error] emulator Error in process <0.12572.0> with exit value:
{#{'__exception__' => true,'__struct__' => 'Elixir.SyntaxError',description => <<"unexpected token: end">>,file => <<"nofile">>,line => 7},[{'Elixir.ElixirLS.LanguageServer.Providers.DocumentSymbols',list_symbols,1,[{file,"lib/language_server/providers/document_symbols.ex"},{line,41}]},{'Elixir.ElixirLS.LanguageServer.Providers.DocumentSymbols',symbols,2,[{file,"lib/language_server/providers/document_symbols.ex"},{line,35}]},{'Elixir.ElixirLS.LanguageServer.Server','-handle_request_async/2-fun-0-',3,[{file,"lib/language_server/server.ex"},{line,412}]}]}
2019-03-19 22:19:18.300 [error] emulator Error in process <0.15599.0> with exit value:
{{badmatch,{defmodule,[{line,0},{column,1}],nil}},[{'Elixir.ElixirLS.LanguageServer.Providers.DocumentSymbols',extract_module,1,[{file,"lib/language_server/providers/document_symbols.ex"},{line,51}]},{'Elixir.ElixirLS.LanguageServer.Providers.DocumentSymbols','-list_symbols/1-fun-0-',2,[{file,"lib/language_server/providers/document_symbols.ex"},{line,43}]},{'Elixir.Macro',traverse,4,[{file,"lib/macro.ex"},{line,247}]},{'Elixir.ElixirLS.LanguageServer.Providers.DocumentSymbols',list_symbols,1,[{file,"lib/language_server/providers/document_symbols.ex"},{line,42}]},{'Elixir.ElixirLS.LanguageServer.Providers.DocumentSymbols',symbols,2,[{file,"lib/language_server/providers/document_symbols.ex"},{line,35}]},{'Elixir.ElixirLS.LanguageServer.Server','-handle_request_async/2-fun-0-',3,[{file,"lib/language_server/server.ex"},{line,412}]}]}
2019-03-19 22:19:20.182 [error] emulator Error in process <0.17026.0> with exit value:
{{badmatch,{defmodule,[{line,0},{column,1}],[{'__aliases__',[{line,0},{column,11}],['Consumer']}]}},[{'Elixir.ElixirLS.LanguageServer.Providers.DocumentSymbols',extract_module,1,[{file,"lib/language_server/providers/document_symbols.ex"},{line,51}]},{'Elixir.ElixirLS.LanguageServer.Providers.DocumentSymbols','-list_symbols/1-fun-0-',2,[{file,"lib/language_server/providers/document_symbols.ex"},{line,43}]},{'Elixir.Macro',traverse,4,[{file,"lib/macro.ex"},{line,247}]},{'Elixir.ElixirLS.LanguageServer.Providers.DocumentSymbols',list_symbols,1,[{file,"lib/language_server/providers/document_symbols.ex"},{line,42}]},{'Elixir.ElixirLS.LanguageServer.Providers.DocumentSymbols',symbols,2,[{file,"lib/language_server/providers/document_symbols.ex"},{line,35}]},{'Elixir.ElixirLS.LanguageServer.Server','-handle_request_async/2-fun-0-',3,[{file,"lib/language_server/server.ex"},{line,412}]}]}
2019-03-19 22:19:21.999 [error] emulator Error in process <0.18720.0> with exit value:
{#{'__exception__' => true,'__struct__' => 'Elixir.SyntaxError',description => <<"unexpected token: end\n\n    HINT: it looks like the \"end\" on line 8 does not have a matching \"do\" defined before it\n">>,file => <<"nofile">>,line => 19},[{'Elixir.ElixirLS.LanguageServer.Providers.DocumentSymbols',list_symbols,1,[{file,"lib/language_server/providers/document_symbols.ex"},{line,41}]},{'Elixir.ElixirLS.LanguageServer.Providers.DocumentSymbols',symbols,2,[{file,"lib/language_server/providers/document_symbols.ex"},{line,35}]},{'Elixir.ElixirLS.LanguageServer.Server','-handle_request_async/2-fun-0-',3,[{file,"lib/language_server/server.ex"},{line,412}]}]}
2019-03-19 22:19:22.518 [error] emulator Error in process <0.19303.0> with exit value:
{#{'__exception__' => true,'__struct__' => 'Elixir.SyntaxError',description => <<"unexpected token: end\n\n    HINT: it looks like the \"end\" on line 9 does not have a matching \"do\" defined before it\n">>,file => <<"nofile">>,line => 20},[{'Elixir.Code','format_string!',2,[{file,"lib/code.ex"},{line,538}]},{'Elixir.ElixirLS.LanguageServer.Providers.Formatting',format,3,[{file,"lib/language_server/providers/formatting.ex"},{line,13}]},{'Elixir.ElixirLS.LanguageServer.Server','-handle_request_async/2-fun-0-',3,[{file,"lib/language_server/server.ex"},{line,412}]}]}
2019-03-19 22:19:22.896 [error] emulator Error in process <0.19607.0> with exit value:
{#{'__exception__' => true,'__struct__' => 'Elixir.SyntaxError',description => <<"unexpected token: end\n\n    HINT: it looks like the \"end\" on line 8 does not have a matching \"do\" defined before it\n">>,file => <<"nofile">>,line => 19},[{'Elixir.ElixirLS.LanguageServer.Providers.DocumentSymbols',list_symbols,1,[{file,"lib/language_server/providers/document_symbols.ex"},{line,41}]},{'Elixir.ElixirLS.LanguageServer.Providers.DocumentSymbols',symbols,2,[{file,"lib/language_server/providers/document_symbols.ex"},{line,35}]},{'Elixir.ElixirLS.LanguageServer.Server','-handle_request_async/2-fun-0-',3,[{file,"lib/language_server/server.ex"},{line,412}]}]}
2019-03-19 22:19:23.399 [error] emulator Error in process <0.20153.0> with exit value:
{#{'__exception__' => true,'__struct__' => 'Elixir.SyntaxError',description => <<"unexpected token: end\n\n    HINT: it looks like the \"end\" on line 8 does not have a matching \"do\" defined before it\n">>,file => <<"nofile">>,line => 19},[{'Elixir.ElixirLS.LanguageServer.Providers.DocumentSymbols',list_symbols,1,[{file,"lib/language_server/providers/document_symbols.ex"},{line,41}]},{'Elixir.ElixirLS.LanguageServer.Providers.DocumentSymbols',symbols,2,[{file,"lib/language_server/providers/document_symbols.ex"},{line,35}]},{'Elixir.ElixirLS.LanguageServer.Server','-handle_request_async/2-fun-0-',3,[{file,"lib/language_server/server.ex"},{line,412}]}]}
2019-03-19 22:20:04.106 [error] emulator Error in process <0.2189.1> with exit value:
{#{'__exception__' => true,'__struct__' => 'Elixir.SyntaxError',description => <<"unexpected token: end\n\n    HINT: it looks like the \"end\" on line 9 does not have a matching \"do\" defined before it\n">>,file => <<"nofile">>,line => 20},[{'Elixir.ElixirLS.LanguageServer.Providers.DocumentSymbols',list_symbols,1,[{file,"lib/language_server/providers/document_symbols.ex"},{line,41}]},{'Elixir.ElixirLS.LanguageServer.Providers.DocumentSymbols',symbols,2,[{file,"lib/language_server/providers/document_symbols.ex"},{line,35}]},{'Elixir.ElixirLS.LanguageServer.Server','-handle_request_async/2-fun-0-',3,[{file,"lib/language_server/server.ex"},{line,412}]}]}
2019-03-19 22:20:22.560 [error] emulator Error in process <0.3294.1> with exit value:
{#{'__exception__' => true,'__struct__' => 'Elixir.SyntaxError',description => <<"unexpected token: end\n\n    HINT: it looks like the \"end\" on line 3 does not have a matching \"do\" defined before it\n">>,file => <<"nofile">>,line => 14},[{'Elixir.ElixirLS.LanguageServer.Providers.DocumentSymbols',list_symbols,1,[{file,"lib/language_server/providers/document_symbols.ex"},{line,41}]},{'Elixir.ElixirLS.LanguageServer.Providers.DocumentSymbols',symbols,2,[{file,"lib/language_server/providers/document_symbols.ex"},{line,35}]},{'Elixir.ElixirLS.LanguageServer.Server','-handle_request_async/2-fun-0-',3,[{file,"lib/language_server/server.ex"},{line,412}]}]}
2019-03-19 22:20:38.811 [info] <0.43.0> Application lager started on node nonode@nohost
2019-03-19 22:20:38.814 [info] <0.43.0> Application jsx started on node nonode@nohost
2019-03-19 22:20:38.820 [info] <0.43.0> Application ranch started on node nonode@nohost
2019-03-19 22:20:38.821 [info] <0.43.0> Application recon started on node nonode@nohost
2019-03-19 22:20:38.821 [info] <0.43.0> Application rabbit_common started on node nonode@nohost
2019-03-19 22:20:38.834 [info] <0.43.0> Application amqp_client started on node nonode@nohost
2019-03-19 22:20:47.121 [info] <0.43.0> Application lager started on node nonode@nohost
2019-03-19 22:20:47.123 [info] <0.43.0> Application jsx started on node nonode@nohost
2019-03-19 22:20:47.128 [info] <0.43.0> Application ranch started on node nonode@nohost
2019-03-19 22:20:47.129 [info] <0.43.0> Application recon started on node nonode@nohost
2019-03-19 22:20:47.129 [info] <0.43.0> Application rabbit_common started on node nonode@nohost
2019-03-19 22:20:47.138 [info] <0.43.0> Application amqp_client started on node nonode@nohost
2019-03-19 22:21:06.709 [error] emulator Error in process <0.8778.1> with exit value:
{#{'__exception__' => true,'__struct__' => 'Elixir.TokenMissingError',description => <<"missing terminator: end (for \"do\" starting at line 0)">>,file => <<"nofile">>,line => 20},[{'Elixir.ElixirLS.LanguageServer.Providers.DocumentSymbols',list_symbols,1,[{file,"lib/language_server/providers/document_symbols.ex"},{line,41}]},{'Elixir.ElixirLS.LanguageServer.Providers.DocumentSymbols',symbols,2,[{file,"lib/language_server/providers/document_symbols.ex"},{line,35}]},{'Elixir.ElixirLS.LanguageServer.Server','-handle_request_async/2-fun-0-',3,[{file,"lib/language_server/server.ex"},{line,412}]}]}
2019-03-19 22:21:08.233 [error] emulator Error in process <0.8782.1> with exit value:
{#{'__exception__' => true,'__struct__' => 'Elixir.SyntaxError',description => <<"unexpected token: end\n\n    HINT: it looks like the \"end\" on line 12 does not have a matching \"do\" defined before it\n">>,file => <<"nofile">>,line => 13},[{'Elixir.ElixirLS.LanguageServer.Providers.DocumentSymbols',list_symbols,1,[{file,"lib/language_server/providers/document_symbols.ex"},{line,41}]},{'Elixir.ElixirLS.LanguageServer.Providers.DocumentSymbols',symbols,2,[{file,"lib/language_server/providers/document_symbols.ex"},{line,35}]},{'Elixir.ElixirLS.LanguageServer.Server','-handle_request_async/2-fun-0-',3,[{file,"lib/language_server/server.ex"},{line,412}]}]}
2019-03-19 22:21:09.579 [info] <0.43.0> Application lager started on node nonode@nohost
2019-03-19 22:21:09.581 [info] <0.43.0> Application jsx started on node nonode@nohost
2019-03-19 22:21:09.586 [info] <0.43.0> Application ranch started on node nonode@nohost
2019-03-19 22:21:09.588 [info] <0.43.0> Application recon started on node nonode@nohost
2019-03-19 22:21:09.588 [info] <0.43.0> Application rabbit_common started on node nonode@nohost
2019-03-19 22:21:09.596 [info] <0.43.0> Application amqp_client started on node nonode@nohost
2019-03-19 22:21:11.905 [error] emulator Error in process <0.8791.1> with exit value:
{#{'__exception__' => true,'__struct__' => 'Elixir.TokenMissingError',description => <<"syntax error: expression is incomplete">>,file => <<"nofile">>,line => 21},[{'Elixir.ElixirLS.LanguageServer.Providers.DocumentSymbols',list_symbols,1,[{file,"lib/language_server/providers/document_symbols.ex"},{line,41}]},{'Elixir.ElixirLS.LanguageServer.Providers.DocumentSymbols',symbols,2,[{file,"lib/language_server/providers/document_symbols.ex"},{line,35}]},{'Elixir.ElixirLS.LanguageServer.Server','-handle_request_async/2-fun-0-',3,[{file,"lib/language_server/server.ex"},{line,412}]}]}
2019-03-19 22:21:13.984 [info] <0.43.0> Application lager started on node nonode@nohost
2019-03-19 22:21:13.985 [info] <0.43.0> Application jsx started on node nonode@nohost
2019-03-19 22:21:13.990 [info] <0.43.0> Application ranch started on node nonode@nohost
2019-03-19 22:21:13.991 [info] <0.43.0> Application recon started on node nonode@nohost
2019-03-19 22:21:13.991 [info] <0.43.0> Application rabbit_common started on node nonode@nohost
2019-03-19 22:21:14.000 [info] <0.43.0> Application amqp_client started on node nonode@nohost
2019-03-19 22:21:22.564 [error] emulator Error in process <0.8815.1> with exit value:
{#{'__exception__' => true,'__struct__' => 'Elixir.TokenMissingError',description => <<"syntax error: expression is incomplete">>,file => <<"nofile">>,line => 20},[{'Elixir.ElixirLS.LanguageServer.Providers.DocumentSymbols',list_symbols,1,[{file,"lib/language_server/providers/document_symbols.ex"},{line,41}]},{'Elixir.ElixirLS.LanguageServer.Providers.DocumentSymbols',symbols,2,[{file,"lib/language_server/providers/document_symbols.ex"},{line,35}]},{'Elixir.ElixirLS.LanguageServer.Server','-handle_request_async/2-fun-0-',3,[{file,"lib/language_server/server.ex"},{line,412}]}]}
2019-03-19 22:21:25.496 [info] <0.43.0> Application lager started on node nonode@nohost
2019-03-19 22:21:25.498 [info] <0.43.0> Application jsx started on node nonode@nohost
2019-03-19 22:21:25.503 [info] <0.43.0> Application ranch started on node nonode@nohost
2019-03-19 22:21:25.504 [info] <0.43.0> Application recon started on node nonode@nohost
2019-03-19 22:21:25.504 [info] <0.43.0> Application rabbit_common started on node nonode@nohost
2019-03-19 22:21:25.512 [info] <0.43.0> Application amqp_client started on node nonode@nohost
2019-03-19 22:21:28.161 [info] <0.43.0> Application lager started on node nonode@nohost
2019-03-19 22:21:28.163 [info] <0.43.0> Application jsx started on node nonode@nohost
2019-03-19 22:21:28.167 [info] <0.43.0> Application ranch started on node nonode@nohost
2019-03-19 22:21:28.168 [info] <0.43.0> Application recon started on node nonode@nohost
2019-03-19 22:21:28.168 [info] <0.43.0> Application rabbit_common started on node nonode@nohost
2019-03-19 22:21:28.177 [info] <0.43.0> Application amqp_client started on node nonode@nohost
2019-03-19 22:21:59.098 [info] <0.43.0> Application lager started on node nonode@nohost
2019-03-19 22:21:59.100 [info] <0.43.0> Application jsx started on node nonode@nohost
2019-03-19 22:21:59.104 [info] <0.43.0> Application ranch started on node nonode@nohost
2019-03-19 22:21:59.105 [info] <0.43.0> Application recon started on node nonode@nohost
2019-03-19 22:21:59.105 [info] <0.43.0> Application rabbit_common started on node nonode@nohost
2019-03-19 22:21:59.113 [info] <0.43.0> Application amqp_client started on node nonode@nohost
2019-03-19 22:22:00.399 [info] <0.43.0> Application lager started on node nonode@nohost
2019-03-19 22:22:00.402 [info] <0.43.0> Application jsx started on node nonode@nohost
2019-03-19 22:22:00.409 [info] <0.43.0> Application ranch started on node nonode@nohost
2019-03-19 22:22:00.410 [info] <0.43.0> Application recon started on node nonode@nohost
2019-03-19 22:22:00.410 [info] <0.43.0> Application rabbit_common started on node nonode@nohost
2019-03-19 22:22:00.419 [info] <0.43.0> Application amqp_client started on node nonode@nohost
2019-03-19 22:22:28.638 [info] <0.43.0> Application lager started on node nonode@nohost
2019-03-19 22:22:28.640 [info] <0.43.0> Application jsx started on node nonode@nohost
2019-03-19 22:22:28.645 [info] <0.43.0> Application ranch started on node nonode@nohost
2019-03-19 22:22:28.646 [info] <0.43.0> Application recon started on node nonode@nohost
2019-03-19 22:22:28.646 [info] <0.43.0> Application rabbit_common started on node nonode@nohost
2019-03-19 22:22:28.655 [info] <0.43.0> Application amqp_client started on node nonode@nohost
2019-03-19 22:22:51.025 [info] <0.43.0> Application lager started on node nonode@nohost
2019-03-19 22:22:51.027 [info] <0.43.0> Application jsx started on node nonode@nohost
2019-03-19 22:22:51.031 [info] <0.43.0> Application ranch started on node nonode@nohost
2019-03-19 22:22:51.032 [info] <0.43.0> Application recon started on node nonode@nohost
2019-03-19 22:22:51.032 [info] <0.43.0> Application rabbit_common started on node nonode@nohost
2019-03-19 22:22:51.041 [info] <0.43.0> Application amqp_client started on node nonode@nohost
2019-03-19 22:22:57.434 [info] <0.43.0> Application lager started on node nonode@nohost
2019-03-19 22:22:57.436 [info] <0.43.0> Application jsx started on node nonode@nohost
2019-03-19 22:22:57.441 [info] <0.43.0> Application ranch started on node nonode@nohost
2019-03-19 22:22:57.442 [info] <0.43.0> Application recon started on node nonode@nohost
2019-03-19 22:22:57.442 [info] <0.43.0> Application rabbit_common started on node nonode@nohost
2019-03-19 22:22:57.449 [info] <0.43.0> Application amqp_client started on node nonode@nohost
2019-03-19 22:23:39.834 [info] <0.43.0> Application lager started on node nonode@nohost
2019-03-19 22:23:39.836 [info] <0.43.0> Application jsx started on node nonode@nohost
2019-03-19 22:23:39.840 [info] <0.43.0> Application ranch started on node nonode@nohost
2019-03-19 22:23:39.841 [info] <0.43.0> Application recon started on node nonode@nohost
2019-03-19 22:23:39.841 [info] <0.43.0> Application rabbit_common started on node nonode@nohost
2019-03-19 22:23:39.849 [info] <0.43.0> Application amqp_client started on node nonode@nohost
2019-03-19 22:25:03.166 [error] emulator Error in process <0.8950.1> with exit value:
{#{'__exception__' => true,'__struct__' => 'Elixir.SyntaxError',description => <<"syntax error before: ')'">>,file => <<"nofile">>,line => 9},[{'Elixir.ElixirLS.LanguageServer.Providers.DocumentSymbols',list_symbols,1,[{file,"lib/language_server/providers/document_symbols.ex"},{line,41}]},{'Elixir.ElixirLS.LanguageServer.Providers.DocumentSymbols',symbols,2,[{file,"lib/language_server/providers/document_symbols.ex"},{line,35}]},{'Elixir.ElixirLS.LanguageServer.Server','-handle_request_async/2-fun-0-',3,[{file,"lib/language_server/server.ex"},{line,412}]}]}
2019-03-19 22:25:08.075 [info] <0.43.0> Application lager started on node nonode@nohost
2019-03-19 22:25:08.076 [info] <0.43.0> Application jsx started on node nonode@nohost
2019-03-19 22:25:08.081 [info] <0.43.0> Application ranch started on node nonode@nohost
2019-03-19 22:25:08.082 [info] <0.43.0> Application recon started on node nonode@nohost
2019-03-19 22:25:08.082 [info] <0.43.0> Application rabbit_common started on node nonode@nohost
2019-03-19 22:25:08.090 [info] <0.43.0> Application amqp_client started on node nonode@nohost
2019-03-19 22:25:15.457 [error] emulator Error in process <0.8976.1> with exit value:
{#{'__exception__' => true,'__struct__' => 'Elixir.TokenMissingError',description => <<"missing terminator: ' (for string starting at line 12)">>,file => <<"nofile">>,line => 14},[{'Elixir.ElixirLS.LanguageServer.Providers.DocumentSymbols',list_symbols,1,[{file,"lib/language_server/providers/document_symbols.ex"},{line,41}]},{'Elixir.ElixirLS.LanguageServer.Providers.DocumentSymbols',symbols,2,[{file,"lib/language_server/providers/document_symbols.ex"},{line,35}]},{'Elixir.ElixirLS.LanguageServer.Server','-handle_request_async/2-fun-0-',3,[{file,"lib/language_server/server.ex"},{line,412}]}]}
2019-03-19 22:25:16.560 [error] emulator Error in process <0.8978.1> with exit value:
{#{'__exception__' => true,'__struct__' => 'Elixir.TokenMissingError',description => <<"missing terminator: ' (for string starting at line 12)">>,file => <<"nofile">>,line => 14},[{'Elixir.ElixirLS.LanguageServer.Providers.DocumentSymbols',list_symbols,1,[{file,"lib/language_server/providers/document_symbols.ex"},{line,41}]},{'Elixir.ElixirLS.LanguageServer.Providers.DocumentSymbols',symbols,2,[{file,"lib/language_server/providers/document_symbols.ex"},{line,35}]},{'Elixir.ElixirLS.LanguageServer.Server','-handle_request_async/2-fun-0-',3,[{file,"lib/language_server/server.ex"},{line,412}]}]}
2019-03-19 22:25:22.070 [info] <0.43.0> Application lager started on node nonode@nohost
2019-03-19 22:25:22.072 [info] <0.43.0> Application jsx started on node nonode@nohost
2019-03-19 22:25:22.076 [info] <0.43.0> Application ranch started on node nonode@nohost
2019-03-19 22:25:22.077 [info] <0.43.0> Application recon started on node nonode@nohost
2019-03-19 22:25:22.077 [info] <0.43.0> Application rabbit_common started on node nonode@nohost
2019-03-19 22:25:22.084 [info] <0.43.0> Application amqp_client started on node nonode@nohost
2019-03-19 22:25:35.473 [info] <0.43.0> Application lager started on node nonode@nohost
2019-03-19 22:25:35.475 [info] <0.43.0> Application jsx started on node nonode@nohost
2019-03-19 22:25:35.480 [info] <0.43.0> Application ranch started on node nonode@nohost
2019-03-19 22:25:35.481 [info] <0.43.0> Application recon started on node nonode@nohost
2019-03-19 22:25:35.481 [info] <0.43.0> Application rabbit_common started on node nonode@nohost
2019-03-19 22:25:35.489 [info] <0.43.0> Application amqp_client started on node nonode@nohost
2019-03-19 22:25:37.244 [error] emulator Error in process <0.8999.1> with exit value:
{#{'__exception__' => true,'__struct__' => 'Elixir.SyntaxError',description => <<"syntax error before: 'end'">>,file => <<"nofile">>,line => 8},[{'Elixir.ElixirLS.LanguageServer.Providers.DocumentSymbols',list_symbols,1,[{file,"lib/language_server/providers/document_symbols.ex"},{line,41}]},{'Elixir.ElixirLS.LanguageServer.Providers.DocumentSymbols',symbols,2,[{file,"lib/language_server/providers/document_symbols.ex"},{line,35}]},{'Elixir.ElixirLS.LanguageServer.Server','-handle_request_async/2-fun-0-',3,[{file,"lib/language_server/server.ex"},{line,412}]}]}
2019-03-19 22:25:42.089 [error] emulator Error in process <0.9009.1> with exit value:
{#{'__exception__' => true,'__struct__' => 'Elixir.SyntaxError',description => <<"syntax error before: 'end'">>,file => <<"nofile">>,line => 9},[{'Elixir.ElixirLS.LanguageServer.Providers.DocumentSymbols',list_symbols,1,[{file,"lib/language_server/providers/document_symbols.ex"},{line,41}]},{'Elixir.ElixirLS.LanguageServer.Providers.DocumentSymbols',symbols,2,[{file,"lib/language_server/providers/document_symbols.ex"},{line,35}]},{'Elixir.ElixirLS.LanguageServer.Server','-handle_request_async/2-fun-0-',3,[{file,"lib/language_server/server.ex"},{line,412}]}]}
2019-03-19 22:25:43.749 [error] emulator Error in process <0.9012.1> with exit value:
{#{'__exception__' => true,'__struct__' => 'Elixir.SyntaxError',description => <<"syntax error before: 'end'">>,file => <<"nofile">>,line => 9},[{'Elixir.ElixirLS.LanguageServer.Providers.DocumentSymbols',list_symbols,1,[{file,"lib/language_server/providers/document_symbols.ex"},{line,41}]},{'Elixir.ElixirLS.LanguageServer.Providers.DocumentSymbols',symbols,2,[{file,"lib/language_server/providers/document_symbols.ex"},{line,35}]},{'Elixir.ElixirLS.LanguageServer.Server','-handle_request_async/2-fun-0-',3,[{file,"lib/language_server/server.ex"},{line,412}]}]}
2019-03-19 22:25:48.469 [error] emulator Error in process <0.9026.1> with exit value:
{#{'__exception__' => true,'__struct__' => 'Elixir.SyntaxError',description => <<"unexpected token: ). The \"fn\" at line 8 is missing terminator \"end\"">>,file => <<"nofile">>,line => 8},[{'Elixir.ElixirLS.LanguageServer.Providers.DocumentSymbols',list_symbols,1,[{file,"lib/language_server/providers/document_symbols.ex"},{line,41}]},{'Elixir.ElixirLS.LanguageServer.Providers.DocumentSymbols',symbols,2,[{file,"lib/language_server/providers/document_symbols.ex"},{line,35}]},{'Elixir.ElixirLS.LanguageServer.Server','-handle_request_async/2-fun-0-',3,[{file,"lib/language_server/server.ex"},{line,412}]}]}
2019-03-19 22:25:48.815 [error] emulator Error in process <0.9028.1> with exit value:
{#{'__exception__' => true,'__struct__' => 'Elixir.SyntaxError',description => <<"unexpected token: ). The \"fn\" at line 8 is missing terminator \"end\"">>,file => <<"nofile">>,line => 8},[{'Elixir.ElixirLS.LanguageServer.Providers.DocumentSymbols',list_symbols,1,[{file,"lib/language_server/providers/document_symbols.ex"},{line,41}]},{'Elixir.ElixirLS.LanguageServer.Providers.DocumentSymbols',symbols,2,[{file,"lib/language_server/providers/document_symbols.ex"},{line,35}]},{'Elixir.ElixirLS.LanguageServer.Server','-handle_request_async/2-fun-0-',3,[{file,"lib/language_server/server.ex"},{line,412}]}]}
2019-03-19 22:25:50.192 [error] emulator Error in process <0.9032.1> with exit value:
{#{'__exception__' => true,'__struct__' => 'Elixir.SyntaxError',description => <<"unexpected token: ). The \"fn\" at line 8 is missing terminator \"end\"">>,file => <<"nofile">>,line => 8},[{'Elixir.ElixirLS.LanguageServer.Providers.DocumentSymbols',list_symbols,1,[{file,"lib/language_server/providers/document_symbols.ex"},{line,41}]},{'Elixir.ElixirLS.LanguageServer.Providers.DocumentSymbols',symbols,2,[{file,"lib/language_server/providers/document_symbols.ex"},{line,35}]},{'Elixir.ElixirLS.LanguageServer.Server','-handle_request_async/2-fun-0-',3,[{file,"lib/language_server/server.ex"},{line,412}]}]}
2019-03-19 22:25:50.962 [error] emulator Error in process <0.9034.1> with exit value:
{#{'__exception__' => true,'__struct__' => 'Elixir.SyntaxError',description => <<"unexpected token: ). The \"fn\" at line 8 is missing terminator \"end\"">>,file => <<"nofile">>,line => 8},[{'Elixir.ElixirLS.LanguageServer.Providers.DocumentSymbols',list_symbols,1,[{file,"lib/language_server/providers/document_symbols.ex"},{line,41}]},{'Elixir.ElixirLS.LanguageServer.Providers.DocumentSymbols',symbols,2,[{file,"lib/language_server/providers/document_symbols.ex"},{line,35}]},{'Elixir.ElixirLS.LanguageServer.Server','-handle_request_async/2-fun-0-',3,[{file,"lib/language_server/server.ex"},{line,412}]}]}
2019-03-19 22:25:51.963 [error] emulator Error in process <0.9036.1> with exit value:
{#{'__exception__' => true,'__struct__' => 'Elixir.SyntaxError',description => <<"unexpected token: ). The \"fn\" at line 8 is missing terminator \"end\"">>,file => <<"nofile">>,line => 8},[{'Elixir.ElixirLS.LanguageServer.Providers.DocumentSymbols',list_symbols,1,[{file,"lib/language_server/providers/document_symbols.ex"},{line,41}]},{'Elixir.ElixirLS.LanguageServer.Providers.DocumentSymbols',symbols,2,[{file,"lib/language_server/providers/document_symbols.ex"},{line,35}]},{'Elixir.ElixirLS.LanguageServer.Server','-handle_request_async/2-fun-0-',3,[{file,"lib/language_server/server.ex"},{line,412}]}]}
2019-03-19 22:25:52.684 [error] emulator Error in process <0.9038.1> with exit value:
{#{'__exception__' => true,'__struct__' => 'Elixir.SyntaxError',description => <<"unexpected token: end. The \"(\" at line 8 is missing terminator \")\"">>,file => <<"nofile">>,line => 12},[{'Elixir.ElixirLS.LanguageServer.Providers.DocumentSymbols',list_symbols,1,[{file,"lib/language_server/providers/document_symbols.ex"},{line,41}]},{'Elixir.ElixirLS.LanguageServer.Providers.DocumentSymbols',symbols,2,[{file,"lib/language_server/providers/document_symbols.ex"},{line,35}]},{'Elixir.ElixirLS.LanguageServer.Server','-handle_request_async/2-fun-0-',3,[{file,"lib/language_server/server.ex"},{line,412}]}]}
2019-03-19 22:25:53.115 [error] emulator Error in process <0.9041.1> with exit value:
{#{'__exception__' => true,'__struct__' => 'Elixir.SyntaxError',description => <<"unexpected token: ). The \"fn\" at line 8 is missing terminator \"end\"">>,file => <<"nofile">>,line => 8},[{'Elixir.ElixirLS.LanguageServer.Providers.DocumentSymbols',list_symbols,1,[{file,"lib/language_server/providers/document_symbols.ex"},{line,41}]},{'Elixir.ElixirLS.LanguageServer.Providers.DocumentSymbols',symbols,2,[{file,"lib/language_server/providers/document_symbols.ex"},{line,35}]},{'Elixir.ElixirLS.LanguageServer.Server','-handle_request_async/2-fun-0-',3,[{file,"lib/language_server/server.ex"},{line,412}]}]}
2019-03-19 22:25:54.650 [error] emulator Error in process <0.9043.1> with exit value:
{#{'__exception__' => true,'__struct__' => 'Elixir.SyntaxError',description => <<"unexpected token: ). The \"fn\" at line 8 is missing terminator \"end\"">>,file => <<"nofile">>,line => 8},[{'Elixir.ElixirLS.LanguageServer.Providers.DocumentSymbols',list_symbols,1,[{file,"lib/language_server/providers/document_symbols.ex"},{line,41}]},{'Elixir.ElixirLS.LanguageServer.Providers.DocumentSymbols',symbols,2,[{file,"lib/language_server/providers/document_symbols.ex"},{line,35}]},{'Elixir.ElixirLS.LanguageServer.Server','-handle_request_async/2-fun-0-',3,[{file,"lib/language_server/server.ex"},{line,412}]}]}
2019-03-19 22:25:55.436 [error] emulator Error in process <0.9045.1> with exit value:
{#{'__exception__' => true,'__struct__' => 'Elixir.SyntaxError',description => <<"unexpected token: end. The \"(\" at line 8 is missing terminator \")\"">>,file => <<"nofile">>,line => 12},[{'Elixir.ElixirLS.LanguageServer.Providers.DocumentSymbols',list_symbols,1,[{file,"lib/language_server/providers/document_symbols.ex"},{line,41}]},{'Elixir.ElixirLS.LanguageServer.Providers.DocumentSymbols',symbols,2,[{file,"lib/language_server/providers/document_symbols.ex"},{line,35}]},{'Elixir.ElixirLS.LanguageServer.Server','-handle_request_async/2-fun-0-',3,[{file,"lib/language_server/server.ex"},{line,412}]}]}
2019-03-19 22:25:57.430 [error] emulator Error in process <0.9051.1> with exit value:
{#{'__exception__' => true,'__struct__' => 'Elixir.SyntaxError',description => <<"syntax error before: 'end'">>,file => <<"nofile">>,line => 10},[{'Elixir.ElixirLS.LanguageServer.Providers.DocumentSymbols',list_symbols,1,[{file,"lib/language_server/providers/document_symbols.ex"},{line,41}]},{'Elixir.ElixirLS.LanguageServer.Providers.DocumentSymbols',symbols,2,[{file,"lib/language_server/providers/document_symbols.ex"},{line,35}]},{'Elixir.ElixirLS.LanguageServer.Server','-handle_request_async/2-fun-0-',3,[{file,"lib/language_server/server.ex"},{line,412}]}]}
2019-03-19 22:26:00.164 [error] emulator Error in process <0.9058.1> with exit value:
{#{'__exception__' => true,'__struct__' => 'Elixir.TokenMissingError',description => <<"missing terminator: end (for \"do\" starting at line 0)">>,file => <<"nofile">>,line => 23},[{'Elixir.ElixirLS.LanguageServer.Providers.DocumentSymbols',list_symbols,1,[{file,"lib/language_server/providers/document_symbols.ex"},{line,41}]},{'Elixir.ElixirLS.LanguageServer.Providers.DocumentSymbols',symbols,2,[{file,"lib/language_server/providers/document_symbols.ex"},{line,35}]},{'Elixir.ElixirLS.LanguageServer.Server','-handle_request_async/2-fun-0-',3,[{file,"lib/language_server/server.ex"},{line,412}]}]}
2019-03-19 22:26:04.364 [error] emulator Error in process <0.9067.1> with exit value:
{#{'__exception__' => true,'__struct__' => 'Elixir.SyntaxError',description => <<"syntax error before: 'end'">>,file => <<"nofile">>,line => 11},[{'Elixir.ElixirLS.LanguageServer.Providers.DocumentSymbols',list_symbols,1,[{file,"lib/language_server/providers/document_symbols.ex"},{line,41}]},{'Elixir.ElixirLS.LanguageServer.Providers.DocumentSymbols',symbols,2,[{file,"lib/language_server/providers/document_symbols.ex"},{line,35}]},{'Elixir.ElixirLS.LanguageServer.Server','-handle_request_async/2-fun-0-',3,[{file,"lib/language_server/server.ex"},{line,412}]}]}
2019-03-19 22:26:09.102 [error] emulator Error in process <0.9077.1> with exit value:
{#{'__exception__' => true,'__struct__' => 'Elixir.SyntaxError',description => <<"syntax error before: 'end'">>,file => <<"nofile">>,line => 12},[{'Elixir.ElixirLS.LanguageServer.Providers.DocumentSymbols',list_symbols,1,[{file,"lib/language_server/providers/document_symbols.ex"},{line,41}]},{'Elixir.ElixirLS.LanguageServer.Providers.DocumentSymbols',symbols,2,[{file,"lib/language_server/providers/document_symbols.ex"},{line,35}]},{'Elixir.ElixirLS.LanguageServer.Server','-handle_request_async/2-fun-0-',3,[{file,"lib/language_server/server.ex"},{line,412}]}]}
2019-03-19 22:26:10.246 [error] emulator Error in process <0.9079.1> with exit value:
{#{'__exception__' => true,'__struct__' => 'Elixir.SyntaxError',description => <<"syntax error before: 'end'">>,file => <<"nofile">>,line => 12},[{'Elixir.ElixirLS.LanguageServer.Providers.DocumentSymbols',list_symbols,1,[{file,"lib/language_server/providers/document_symbols.ex"},{line,41}]},{'Elixir.ElixirLS.LanguageServer.Providers.DocumentSymbols',symbols,2,[{file,"lib/language_server/providers/document_symbols.ex"},{line,35}]},{'Elixir.ElixirLS.LanguageServer.Server','-handle_request_async/2-fun-0-',3,[{file,"lib/language_server/server.ex"},{line,412}]}]}
2019-03-19 22:26:10.628 [error] emulator Error in process <0.9082.1> with exit value:
{#{'__exception__' => true,'__struct__' => 'Elixir.SyntaxError',description => <<"syntax error before: 'end'">>,file => <<"nofile">>,line => 12},[{'Elixir.ElixirLS.LanguageServer.Providers.DocumentSymbols',list_symbols,1,[{file,"lib/language_server/providers/document_symbols.ex"},{line,41}]},{'Elixir.ElixirLS.LanguageServer.Providers.DocumentSymbols',symbols,2,[{file,"lib/language_server/providers/document_symbols.ex"},{line,35}]},{'Elixir.ElixirLS.LanguageServer.Server','-handle_request_async/2-fun-0-',3,[{file,"lib/language_server/server.ex"},{line,412}]}]}
2019-03-19 22:26:21.839 [info] <0.43.0> Application lager started on node nonode@nohost
2019-03-19 22:26:21.841 [info] <0.43.0> Application jsx started on node nonode@nohost
2019-03-19 22:26:21.846 [info] <0.43.0> Application ranch started on node nonode@nohost
2019-03-19 22:26:21.846 [info] <0.43.0> Application recon started on node nonode@nohost
2019-03-19 22:26:21.847 [info] <0.43.0> Application rabbit_common started on node nonode@nohost
2019-03-19 22:26:21.854 [info] <0.43.0> Application amqp_client started on node nonode@nohost
2019-03-19 22:26:32.134 [info] <0.43.0> Application lager started on node nonode@nohost
2019-03-19 22:26:32.136 [info] <0.43.0> Application jsx started on node nonode@nohost
2019-03-19 22:26:32.140 [info] <0.43.0> Application ranch started on node nonode@nohost
2019-03-19 22:26:32.140 [info] <0.43.0> Application recon started on node nonode@nohost
2019-03-19 22:26:32.140 [info] <0.43.0> Application rabbit_common started on node nonode@nohost
2019-03-19 22:26:32.148 [info] <0.43.0> Application amqp_client started on node nonode@nohost
2019-03-19 22:26:38.861 [info] <0.43.0> Application lager started on node nonode@nohost
2019-03-19 22:26:38.862 [info] <0.43.0> Application jsx started on node nonode@nohost
2019-03-19 22:26:38.867 [info] <0.43.0> Application ranch started on node nonode@nohost
2019-03-19 22:26:38.868 [info] <0.43.0> Application recon started on node nonode@nohost
2019-03-19 22:26:38.868 [info] <0.43.0> Application rabbit_common started on node nonode@nohost
2019-03-19 22:26:38.876 [info] <0.43.0> Application amqp_client started on node nonode@nohost
2019-03-19 22:26:49.645 [info] <0.43.0> Application lager started on node nonode@nohost
2019-03-19 22:26:49.647 [info] <0.43.0> Application jsx started on node nonode@nohost
2019-03-19 22:26:49.652 [info] <0.43.0> Application ranch started on node nonode@nohost
2019-03-19 22:26:49.653 [info] <0.43.0> Application recon started on node nonode@nohost
2019-03-19 22:26:49.653 [info] <0.43.0> Application rabbit_common started on node nonode@nohost
2019-03-19 22:26:49.662 [info] <0.43.0> Application amqp_client started on node nonode@nohost
2019-03-19 22:27:10.219 [error] emulator Error in process <0.9107.1> with exit value:
{function_clause,[{'Elixir.ElixirSense.Core.Introspection',extract_spec_ast_parts,[{tref,[],[]}],[{file,"lib/elixir_sense/core/introspection.ex"},{line,282}]},{'Elixir.ElixirSense.Core.Introspection',format_spec_ast,1,[{file,"lib/elixir_sense/core/introspection.ex"},{line,226}]},{'Elixir.ElixirSense.Core.Introspection',format_type,1,[{file,"lib/elixir_sense/core/introspection.ex"},{line,208}]},{'Elixir.ElixirSense.Core.Introspection','-get_types_with_docs/1-fun-0-',2,[{file,"lib/elixir_sense/core/introspection.ex"},{line,181}]},{'Elixir.Enum','-map/2-lists^map/1-0-',2,[{file,"lib/enum.ex"},{line,1327}]},{'Elixir.ElixirSense.Core.Introspection',get_types_md,1,[{file,"lib/elixir_sense/core/introspection.ex"},{line,128}]},{'Elixir.ElixirSense.Core.Introspection',get_all_docs,1,[{file,"lib/elixir_sense/core/introspection.ex"},{line,78}]},{'Elixir.ElixirSense.Providers.Docs',all,4,[{file,"lib/elixir_sense/providers/docs.ex"},{line,13}]}]}
2019-03-19 22:28:24.143 [info] <0.43.0> Application lager started on node nonode@nohost
2019-03-19 22:28:24.145 [info] <0.43.0> Application jsx started on node nonode@nohost
2019-03-19 22:28:24.149 [info] <0.43.0> Application ranch started on node nonode@nohost
2019-03-19 22:28:24.150 [info] <0.43.0> Application recon started on node nonode@nohost
2019-03-19 22:28:24.150 [info] <0.43.0> Application rabbit_common started on node nonode@nohost
2019-03-19 22:28:24.157 [info] <0.43.0> Application amqp_client started on node nonode@nohost
2019-03-19 22:28:26.184 [info] <0.43.0> Application lager started on node nonode@nohost
2019-03-19 22:28:26.186 [info] <0.43.0> Application jsx started on node nonode@nohost
2019-03-19 22:28:26.190 [info] <0.43.0> Application ranch started on node nonode@nohost
2019-03-19 22:28:26.191 [info] <0.43.0> Application recon started on node nonode@nohost
2019-03-19 22:28:26.191 [info] <0.43.0> Application rabbit_common started on node nonode@nohost
2019-03-19 22:28:26.199 [info] <0.43.0> Application amqp_client started on node nonode@nohost
2019-03-19 22:28:51.273 [info] <0.43.0> Application lager started on node nonode@nohost
2019-03-19 22:28:51.275 [info] <0.43.0> Application jsx started on node nonode@nohost
2019-03-19 22:28:51.280 [info] <0.43.0> Application ranch started on node nonode@nohost
2019-03-19 22:28:51.281 [info] <0.43.0> Application recon started on node nonode@nohost
2019-03-19 22:28:51.281 [info] <0.43.0> Application rabbit_common started on node nonode@nohost
2019-03-19 22:28:51.288 [info] <0.43.0> Application amqp_client started on node nonode@nohost
2019-03-19 22:28:56.521 [info] <0.43.0> Application lager started on node nonode@nohost
2019-03-19 22:28:56.523 [info] <0.43.0> Application jsx started on node nonode@nohost
2019-03-19 22:28:56.527 [info] <0.43.0> Application ranch started on node nonode@nohost
2019-03-19 22:28:56.528 [info] <0.43.0> Application recon started on node nonode@nohost
2019-03-19 22:28:56.528 [info] <0.43.0> Application rabbit_common started on node nonode@nohost
2019-03-19 22:28:56.535 [info] <0.43.0> Application amqp_client started on node nonode@nohost
2019-03-19 22:29:05.356 [info] <0.43.0> Application lager started on node nonode@nohost
2019-03-19 22:29:05.358 [info] <0.43.0> Application jsx started on node nonode@nohost
2019-03-19 22:29:05.362 [info] <0.43.0> Application ranch started on node nonode@nohost
2019-03-19 22:29:05.363 [info] <0.43.0> Application recon started on node nonode@nohost
2019-03-19 22:29:05.363 [info] <0.43.0> Application rabbit_common started on node nonode@nohost
2019-03-19 22:29:05.370 [info] <0.43.0> Application amqp_client started on node nonode@nohost
2019-03-19 22:29:34.935 [info] <0.43.0> Application lager started on node nonode@nohost
2019-03-19 22:29:34.936 [info] <0.43.0> Application jsx started on node nonode@nohost
2019-03-19 22:29:34.940 [info] <0.43.0> Application ranch started on node nonode@nohost
2019-03-19 22:29:34.941 [info] <0.43.0> Application recon started on node nonode@nohost
2019-03-19 22:29:34.941 [info] <0.43.0> Application rabbit_common started on node nonode@nohost
2019-03-19 22:29:34.948 [info] <0.43.0> Application amqp_client started on node nonode@nohost
2019-03-19 22:29:45.849 [info] <0.43.0> Application lager started on node nonode@nohost
2019-03-19 22:29:45.851 [info] <0.43.0> Application jsx started on node nonode@nohost
2019-03-19 22:29:45.855 [info] <0.43.0> Application ranch started on node nonode@nohost
2019-03-19 22:29:45.856 [info] <0.43.0> Application recon started on node nonode@nohost
2019-03-19 22:29:45.856 [info] <0.43.0> Application rabbit_common started on node nonode@nohost
2019-03-19 22:29:45.863 [info] <0.43.0> Application amqp_client started on node nonode@nohost
2019-03-19 22:29:58.026 [info] <0.43.0> Application lager started on node nonode@nohost
2019-03-19 22:29:58.028 [info] <0.43.0> Application jsx started on node nonode@nohost
2019-03-19 22:29:58.033 [info] <0.43.0> Application ranch started on node nonode@nohost
2019-03-19 22:29:58.034 [info] <0.43.0> Application recon started on node nonode@nohost
2019-03-19 22:29:58.034 [info] <0.43.0> Application rabbit_common started on node nonode@nohost
2019-03-19 22:29:58.042 [info] <0.43.0> Application amqp_client started on node nonode@nohost
2019-03-20 20:36:42.854 [info] <0.43.0> Application lager started on node nonode@nohost
2019-03-20 20:36:42.856 [info] <0.43.0> Application jsx started on node nonode@nohost
2019-03-20 20:36:42.861 [info] <0.43.0> Application ranch started on node nonode@nohost
2019-03-20 20:36:42.862 [info] <0.43.0> Application recon started on node nonode@nohost
2019-03-20 20:36:42.862 [info] <0.43.0> Application rabbit_common started on node nonode@nohost
2019-03-20 20:36:42.873 [info] <0.43.0> Application amqp_client started on node nonode@nohost
2019-03-20 20:36:55.443 [info] <0.43.0> Application lager started on node nonode@nohost
2019-03-20 20:36:55.444 [info] <0.43.0> Application jsx started on node nonode@nohost
2019-03-20 20:36:55.451 [info] <0.43.0> Application ranch started on node nonode@nohost
2019-03-20 20:36:55.452 [info] <0.43.0> Application recon started on node nonode@nohost
2019-03-20 20:36:55.452 [info] <0.43.0> Application rabbit_common started on node nonode@nohost
2019-03-20 20:36:55.460 [info] <0.43.0> Application amqp_client started on node nonode@nohost
2019-03-20 20:37:04.714 [info] <0.43.0> Application lager started on node nonode@nohost
2019-03-20 20:37:04.718 [info] <0.43.0> Application jsx started on node nonode@nohost
2019-03-20 20:37:04.725 [info] <0.43.0> Application ranch started on node nonode@nohost
2019-03-20 20:37:04.725 [info] <0.43.0> Application recon started on node nonode@nohost
2019-03-20 20:37:04.725 [info] <0.43.0> Application rabbit_common started on node nonode@nohost
2019-03-20 20:37:04.732 [info] <0.43.0> Application amqp_client started on node nonode@nohost
2019-03-20 20:42:42.296 [info] <0.43.0> Application lager started on node nonode@nohost
2019-03-20 20:42:42.299 [info] <0.43.0> Application jsx started on node nonode@nohost
2019-03-20 20:42:42.304 [info] <0.43.0> Application ranch started on node nonode@nohost
2019-03-20 20:42:42.306 [info] <0.43.0> Application recon started on node nonode@nohost
2019-03-20 20:42:42.306 [info] <0.43.0> Application rabbit_common started on node nonode@nohost
2019-03-20 20:42:42.319 [info] <0.43.0> Application amqp_client started on node nonode@nohost
2019-03-20 20:42:45.176 [info] <0.43.0> Application lager started on node nonode@nohost
2019-03-20 20:42:45.178 [info] <0.43.0> Application jsx started on node nonode@nohost
2019-03-20 20:42:45.184 [info] <0.43.0> Application ranch started on node nonode@nohost
2019-03-20 20:42:45.186 [info] <0.43.0> Application recon started on node nonode@nohost
2019-03-20 20:42:45.186 [info] <0.43.0> Application rabbit_common started on node nonode@nohost
2019-03-20 20:42:45.194 [info] <0.43.0> Application amqp_client started on node nonode@nohost
2019-03-20 20:42:49.228 [info] <0.43.0> Application lager started on node nonode@nohost
2019-03-20 20:42:49.230 [info] <0.43.0> Application jsx started on node nonode@nohost
2019-03-20 20:42:49.238 [info] <0.43.0> Application ranch started on node nonode@nohost
2019-03-20 20:42:49.239 [info] <0.43.0> Application recon started on node nonode@nohost
2019-03-20 20:42:49.239 [info] <0.43.0> Application rabbit_common started on node nonode@nohost
2019-03-20 20:42:49.247 [info] <0.43.0> Application amqp_client started on node nonode@nohost
2019-03-20 20:42:53.308 [info] <0.43.0> Application lager started on node nonode@nohost
2019-03-20 20:42:53.310 [info] <0.43.0> Application jsx started on node nonode@nohost
2019-03-20 20:42:53.317 [info] <0.43.0> Application ranch started on node nonode@nohost
2019-03-20 20:42:53.319 [info] <0.43.0> Application recon started on node nonode@nohost
2019-03-20 20:42:53.319 [info] <0.43.0> Application rabbit_common started on node nonode@nohost
2019-03-20 20:42:53.329 [info] <0.43.0> Application amqp_client started on node nonode@nohost
2019-03-20 20:43:44.281 [info] <0.43.0> Application lager started on node nonode@nohost
2019-03-20 20:43:44.282 [info] <0.43.0> Application jsx started on node nonode@nohost
2019-03-20 20:43:44.286 [info] <0.43.0> Application ranch started on node nonode@nohost
2019-03-20 20:43:44.286 [info] <0.43.0> Application recon started on node nonode@nohost
2019-03-20 20:43:44.287 [info] <0.43.0> Application rabbit_common started on node nonode@nohost
2019-03-20 20:43:44.293 [info] <0.43.0> Application amqp_client started on node nonode@nohost
2019-03-20 20:43:53.137 [info] <0.43.0> Application lager started on node nonode@nohost
2019-03-20 20:43:53.138 [info] <0.43.0> Application jsx started on node nonode@nohost
2019-03-20 20:43:53.142 [info] <0.43.0> Application ranch started on node nonode@nohost
2019-03-20 20:43:53.143 [info] <0.43.0> Application recon started on node nonode@nohost
2019-03-20 20:43:53.143 [info] <0.43.0> Application rabbit_common started on node nonode@nohost
2019-03-20 20:43:53.149 [info] <0.43.0> Application amqp_client started on node nonode@nohost
2019-03-20 20:44:27.108 [info] <0.43.0> Application lager started on node nonode@nohost
2019-03-20 20:44:27.109 [info] <0.43.0> Application jsx started on node nonode@nohost
2019-03-20 20:44:27.113 [info] <0.43.0> Application ranch started on node nonode@nohost
2019-03-20 20:44:27.114 [info] <0.43.0> Application recon started on node nonode@nohost
2019-03-20 20:44:27.114 [info] <0.43.0> Application rabbit_common started on node nonode@nohost
2019-03-20 20:44:27.122 [info] <0.43.0> Application amqp_client started on node nonode@nohost
2019-03-20 20:44:49.736 [info] <0.43.0> Application lager started on node nonode@nohost
2019-03-20 20:44:49.737 [info] <0.43.0> Application jsx started on node nonode@nohost
2019-03-20 20:44:49.741 [info] <0.43.0> Application ranch started on node nonode@nohost
2019-03-20 20:44:49.742 [info] <0.43.0> Application recon started on node nonode@nohost
2019-03-20 20:44:49.742 [info] <0.43.0> Application rabbit_common started on node nonode@nohost
2019-03-20 20:44:49.748 [info] <0.43.0> Application amqp_client started on node nonode@nohost
2019-03-20 20:45:19.098 [info] <0.43.0> Application lager started on node nonode@nohost
2019-03-20 20:45:19.100 [info] <0.43.0> Application jsx started on node nonode@nohost
2019-03-20 20:45:19.104 [info] <0.43.0> Application ranch started on node nonode@nohost
2019-03-20 20:45:19.104 [info] <0.43.0> Application recon started on node nonode@nohost
2019-03-20 20:45:19.104 [info] <0.43.0> Application rabbit_common started on node nonode@nohost
2019-03-20 20:45:19.110 [info] <0.43.0> Application amqp_client started on node nonode@nohost
2019-03-20 20:45:25.075 [info] <0.43.0> Application lager started on node nonode@nohost
2019-03-20 20:45:25.077 [info] <0.43.0> Application jsx started on node nonode@nohost
2019-03-20 20:45:25.080 [info] <0.43.0> Application ranch started on node nonode@nohost
2019-03-20 20:45:25.081 [info] <0.43.0> Application recon started on node nonode@nohost
2019-03-20 20:45:25.081 [info] <0.43.0> Application rabbit_common started on node nonode@nohost
2019-03-20 20:45:25.087 [info] <0.43.0> Application amqp_client started on node nonode@nohost
2019-03-20 20:45:32.813 [info] <0.43.0> Application lager started on node nonode@nohost
2019-03-20 20:45:32.815 [info] <0.43.0> Application jsx started on node nonode@nohost
2019-03-20 20:45:32.819 [info] <0.43.0> Application ranch started on node nonode@nohost
2019-03-20 20:45:32.819 [info] <0.43.0> Application recon started on node nonode@nohost
2019-03-20 20:45:32.819 [info] <0.43.0> Application rabbit_common started on node nonode@nohost
2019-03-20 20:45:32.826 [info] <0.43.0> Application amqp_client started on node nonode@nohost
2019-03-20 20:46:22.710 [info] <0.43.0> Application lager started on node nonode@nohost
2019-03-20 20:46:22.712 [info] <0.43.0> Application jsx started on node nonode@nohost
2019-03-20 20:46:22.715 [info] <0.43.0> Application ranch started on node nonode@nohost
2019-03-20 20:46:22.716 [info] <0.43.0> Application recon started on node nonode@nohost
2019-03-20 20:46:22.716 [info] <0.43.0> Application rabbit_common started on node nonode@nohost
2019-03-20 20:46:22.722 [info] <0.43.0> Application amqp_client started on node nonode@nohost
2019-03-20 20:46:39.697 [info] <0.43.0> Application lager started on node nonode@nohost
2019-03-20 20:46:39.699 [info] <0.43.0> Application jsx started on node nonode@nohost
2019-03-20 20:46:39.702 [info] <0.43.0> Application ranch started on node nonode@nohost
2019-03-20 20:46:39.703 [info] <0.43.0> Application recon started on node nonode@nohost
2019-03-20 20:46:39.703 [info] <0.43.0> Application rabbit_common started on node nonode@nohost
2019-03-20 20:46:39.710 [info] <0.43.0> Application amqp_client started on node nonode@nohost
2019-03-20 20:46:48.230 [info] <0.43.0> Application lager started on node nonode@nohost
2019-03-20 20:46:48.231 [info] <0.43.0> Application jsx started on node nonode@nohost
2019-03-20 20:46:48.235 [info] <0.43.0> Application ranch started on node nonode@nohost
2019-03-20 20:46:48.236 [info] <0.43.0> Application recon started on node nonode@nohost
2019-03-20 20:46:48.236 [info] <0.43.0> Application rabbit_common started on node nonode@nohost
2019-03-20 20:46:48.242 [info] <0.43.0> Application amqp_client started on node nonode@nohost
2019-03-20 20:49:26.945 [info] <0.43.0> Application lager started on node nonode@nohost
2019-03-20 20:49:26.946 [info] <0.43.0> Application jsx started on node nonode@nohost
2019-03-20 20:49:26.950 [info] <0.43.0> Application ranch started on node nonode@nohost
2019-03-20 20:49:26.951 [info] <0.43.0> Application recon started on node nonode@nohost
2019-03-20 20:49:26.951 [info] <0.43.0> Application rabbit_common started on node nonode@nohost
2019-03-20 20:49:26.957 [info] <0.43.0> Application amqp_client started on node nonode@nohost
2019-03-20 20:49:38.211 [info] <0.43.0> Application lager started on node nonode@nohost
2019-03-20 20:49:38.213 [info] <0.43.0> Application jsx started on node nonode@nohost
2019-03-20 20:49:38.216 [info] <0.43.0> Application ranch started on node nonode@nohost
2019-03-20 20:49:38.217 [info] <0.43.0> Application recon started on node nonode@nohost
2019-03-20 20:49:38.217 [info] <0.43.0> Application rabbit_common started on node nonode@nohost
2019-03-20 20:49:38.223 [info] <0.43.0> Application amqp_client started on node nonode@nohost
2019-03-20 20:50:00.379 [info] <0.43.0> Application lager started on node nonode@nohost
2019-03-20 20:50:00.380 [info] <0.43.0> Application jsx started on node nonode@nohost
2019-03-20 20:50:00.384 [info] <0.43.0> Application ranch started on node nonode@nohost
2019-03-20 20:50:00.384 [info] <0.43.0> Application recon started on node nonode@nohost
2019-03-20 20:50:00.385 [info] <0.43.0> Application rabbit_common started on node nonode@nohost
2019-03-20 20:50:00.391 [info] <0.43.0> Application amqp_client started on node nonode@nohost
2019-03-20 20:52:05.777 [info] <0.43.0> Application lager started on node nonode@nohost
2019-03-20 20:52:05.779 [info] <0.43.0> Application jsx started on node nonode@nohost
2019-03-20 20:52:05.783 [info] <0.43.0> Application ranch started on node nonode@nohost
2019-03-20 20:52:05.784 [info] <0.43.0> Application recon started on node nonode@nohost
2019-03-20 20:52:05.784 [info] <0.43.0> Application rabbit_common started on node nonode@nohost
2019-03-20 20:52:05.790 [info] <0.43.0> Application amqp_client started on node nonode@nohost
2019-03-20 20:52:26.474 [info] <0.43.0> Application lager started on node nonode@nohost
2019-03-20 20:52:26.476 [info] <0.43.0> Application jsx started on node nonode@nohost
2019-03-20 20:52:26.480 [info] <0.43.0> Application ranch started on node nonode@nohost
2019-03-20 20:52:26.480 [info] <0.43.0> Application recon started on node nonode@nohost
2019-03-20 20:52:26.480 [info] <0.43.0> Application rabbit_common started on node nonode@nohost
2019-03-20 20:52:26.486 [info] <0.43.0> Application amqp_client started on node nonode@nohost
2019-03-20 20:53:13.960 [info] <0.43.0> Application lager started on node nonode@nohost
2019-03-20 20:53:13.961 [info] <0.43.0> Application jsx started on node nonode@nohost
2019-03-20 20:53:13.965 [info] <0.43.0> Application ranch started on node nonode@nohost
2019-03-20 20:53:13.966 [info] <0.43.0> Application recon started on node nonode@nohost
2019-03-20 20:53:13.966 [info] <0.43.0> Application rabbit_common started on node nonode@nohost
2019-03-20 20:53:13.972 [info] <0.43.0> Application amqp_client started on node nonode@nohost
2019-03-20 20:54:04.360 [info] <0.43.0> Application lager started on node nonode@nohost
2019-03-20 20:54:04.361 [info] <0.43.0> Application jsx started on node nonode@nohost
2019-03-20 20:54:04.365 [info] <0.43.0> Application ranch started on node nonode@nohost
2019-03-20 20:54:04.366 [info] <0.43.0> Application recon started on node nonode@nohost
2019-03-20 20:54:04.366 [info] <0.43.0> Application rabbit_common started on node nonode@nohost
2019-03-20 20:54:04.372 [info] <0.43.0> Application amqp_client started on node nonode@nohost
2019-03-20 20:54:09.726 [info] <0.43.0> Application lager started on node nonode@nohost
2019-03-20 20:54:09.728 [info] <0.43.0> Application jsx started on node nonode@nohost
2019-03-20 20:54:09.732 [info] <0.43.0> Application ranch started on node nonode@nohost
2019-03-20 20:54:09.733 [info] <0.43.0> Application recon started on node nonode@nohost
2019-03-20 20:54:09.733 [info] <0.43.0> Application rabbit_common started on node nonode@nohost
2019-03-20 20:54:09.739 [info] <0.43.0> Application amqp_client started on node nonode@nohost
2019-03-20 20:54:17.395 [info] <0.43.0> Application lager started on node nonode@nohost
2019-03-20 20:54:17.396 [info] <0.43.0> Application jsx started on node nonode@nohost
2019-03-20 20:54:17.400 [info] <0.43.0> Application ranch started on node nonode@nohost
2019-03-20 20:54:17.401 [info] <0.43.0> Application recon started on node nonode@nohost
2019-03-20 20:54:17.401 [info] <0.43.0> Application rabbit_common started on node nonode@nohost
2019-03-20 20:54:17.406 [info] <0.43.0> Application amqp_client started on node nonode@nohost
2019-03-20 20:54:26.626 [info] <0.43.0> Application lager started on node nonode@nohost
2019-03-20 20:54:26.627 [info] <0.43.0> Application jsx started on node nonode@nohost
2019-03-20 20:54:26.631 [info] <0.43.0> Application ranch started on node nonode@nohost
2019-03-20 20:54:26.632 [info] <0.43.0> Application recon started on node nonode@nohost
2019-03-20 20:54:26.632 [info] <0.43.0> Application rabbit_common started on node nonode@nohost
2019-03-20 20:54:26.638 [info] <0.43.0> Application amqp_client started on node nonode@nohost
2019-03-20 20:55:02.509 [info] <0.43.0> Application lager started on node nonode@nohost
2019-03-20 20:55:02.511 [info] <0.43.0> Application jsx started on node nonode@nohost
2019-03-20 20:55:02.515 [info] <0.43.0> Application ranch started on node nonode@nohost
2019-03-20 20:55:02.516 [info] <0.43.0> Application recon started on node nonode@nohost
2019-03-20 20:55:02.516 [info] <0.43.0> Application rabbit_common started on node nonode@nohost
2019-03-20 20:55:02.524 [info] <0.43.0> Application amqp_client started on node nonode@nohost
2019-03-20 20:56:28.526 [info] <0.43.0> Application lager started on node nonode@nohost
2019-03-20 20:56:28.527 [info] <0.43.0> Application jsx started on node nonode@nohost
2019-03-20 20:56:28.531 [info] <0.43.0> Application ranch started on node nonode@nohost
2019-03-20 20:56:28.531 [info] <0.43.0> Application recon started on node nonode@nohost
2019-03-20 20:56:28.531 [info] <0.43.0> Application rabbit_common started on node nonode@nohost
2019-03-20 20:56:28.537 [info] <0.43.0> Application amqp_client started on node nonode@nohost
2019-03-20 20:56:45.732 [error] emulator Error in process <0.395.0> with exit value:
{#{'__exception__' => true,'__struct__' => 'Elixir.SyntaxError',description => <<"syntax error before: ')'">>,file => <<"nofile">>,line => 14},[{'Elixir.ElixirLS.LanguageServer.Providers.DocumentSymbols',list_symbols,1,[{file,"lib/language_server/providers/document_symbols.ex"},{line,41}]},{'Elixir.ElixirLS.LanguageServer.Providers.DocumentSymbols',symbols,2,[{file,"lib/language_server/providers/document_symbols.ex"},{line,35}]},{'Elixir.ElixirLS.LanguageServer.Server','-handle_request_async/2-fun-0-',3,[{file,"lib/language_server/server.ex"},{line,412}]}]}
2019-03-20 20:56:56.330 [info] <0.43.0> Application lager started on node nonode@nohost
2019-03-20 20:56:56.332 [info] <0.43.0> Application jsx started on node nonode@nohost
2019-03-20 20:56:56.336 [info] <0.43.0> Application ranch started on node nonode@nohost
2019-03-20 20:56:56.337 [info] <0.43.0> Application recon started on node nonode@nohost
2019-03-20 20:56:56.337 [info] <0.43.0> Application rabbit_common started on node nonode@nohost
2019-03-20 20:56:56.343 [info] <0.43.0> Application amqp_client started on node nonode@nohost
2019-03-20 21:02:55.131 [warning] <0.214.0> Connection (<0.214.0>) closing: received hard error {'connection.close',320,<<"CONNECTION_FORCED - broker forced connection closure with reason 'shutdown'">>,0,0} from server
2019-03-20 21:02:55.132 [warning] <0.211.0> Connection (<0.211.0>) closing: received hard error {'connection.close',320,<<"CONNECTION_FORCED - broker forced connection closure with reason 'shutdown'">>,0,0} from server
2019-03-20 21:02:55.132 [error] <0.218.0> Supervisor {<0.218.0>,amqp_channel_sup_sup} had child channel_sup started with amqp_channel_sup:start_link(network, <0.214.0>, <<"client 127.0.0.1:43843 -> 127.0.0.1:5672">>) at undefined exit with reason shutdown in context shutdown_error
2019-03-20 21:02:55.125 [warning] <0.214.0> Connection (<0.214.0>) closing: received hard error {'connection.close',320,<<"CONNECTION_FORCED - broker forced connection closure with reason 'shutdown'">>,0,0} from server
2019-03-20 21:02:55.130 [warning] <0.211.0> Connection (<0.211.0>) closing: received hard error {'connection.close',320,<<"CONNECTION_FORCED - broker forced connection closure with reason 'shutdown'">>,0,0} from server
2019-03-20 21:02:55.125 [warning] <0.211.0> Connection (<0.211.0>) closing: received hard error {'connection.close',320,<<"CONNECTION_FORCED - broker forced connection closure with reason 'shutdown'">>,0,0} from server
2019-03-20 21:02:55.127 [warning] <0.214.0> Connection (<0.214.0>) closing: received hard error {'connection.close',320,<<"CONNECTION_FORCED - broker forced connection closure with reason 'shutdown'">>,0,0} from server
2019-03-20 21:02:55.125 [warning] <0.211.0> Connection (<0.211.0>) closing: received hard error {'connection.close',320,<<"CONNECTION_FORCED - broker forced connection closure with reason 'shutdown'">>,0,0} from server
2019-03-20 21:02:55.127 [warning] <0.211.0> Connection (<0.211.0>) closing: received hard error {'connection.close',320,<<"CONNECTION_FORCED - broker forced connection closure with reason 'shutdown'">>,0,0} from server
2019-03-20 21:02:55.128 [warning] <0.211.0> Connection (<0.211.0>) closing: received hard error {'connection.close',320,<<"CONNECTION_FORCED - broker forced connection closure with reason 'shutdown'">>,0,0} from server
2019-03-20 21:02:55.130 [warning] <0.214.0> Connection (<0.214.0>) closing: received hard error {'connection.close',320,<<"CONNECTION_FORCED - broker forced connection closure with reason 'shutdown'">>,0,0} from server
2019-03-20 21:02:55.130 [warning] <0.211.0> Connection (<0.211.0>) closing: received hard error {'connection.close',320,<<"CONNECTION_FORCED - broker forced connection closure with reason 'shutdown'">>,0,0} from server
2019-03-20 21:02:55.128 [warning] <0.214.0> Connection (<0.214.0>) closing: received hard error {'connection.close',320,<<"CONNECTION_FORCED - broker forced connection closure with reason 'shutdown'">>,0,0} from server
2019-03-20 21:02:55.128 [warning] <0.211.0> Connection (<0.211.0>) closing: received hard error {'connection.close',320,<<"CONNECTION_FORCED - broker forced connection closure with reason 'shutdown'">>,0,0} from server
2019-03-20 21:02:55.132 [warning] <0.214.0> Connection (<0.214.0>) closing: received hard error {'connection.close',320,<<"CONNECTION_FORCED - broker forced connection closure with reason 'shutdown'">>,0,0} from server
2019-03-20 21:02:55.129 [warning] <0.211.0> Connection (<0.211.0>) closing: received hard error {'connection.close',320,<<"CONNECTION_FORCED - broker forced connection closure with reason 'shutdown'">>,0,0} from server
2019-03-20 21:02:55.127 [warning] <0.211.0> Connection (<0.211.0>) closing: received hard error {'connection.close',320,<<"CONNECTION_FORCED - broker forced connection closure with reason 'shutdown'">>,0,0} from server
2019-03-20 21:02:55.126 [warning] <0.263.0> Connection (<0.263.0>) closing: received hard error {'connection.close',320,<<"CONNECTION_FORCED - broker forced connection closure with reason 'shutdown'">>,0,0} from server
2019-03-20 21:04:54.112 [info] <0.43.0> Application lager started on node nonode@nohost
2019-03-20 21:04:54.113 [info] <0.43.0> Application jsx started on node nonode@nohost
2019-03-20 21:04:54.117 [info] <0.43.0> Application ranch started on node nonode@nohost
2019-03-20 21:04:54.118 [info] <0.43.0> Application recon started on node nonode@nohost
2019-03-20 21:04:54.118 [info] <0.43.0> Application rabbit_common started on node nonode@nohost
2019-03-20 21:04:54.124 [info] <0.43.0> Application amqp_client started on node nonode@nohost
2019-03-20 21:05:03.205 [info] <0.43.0> Application lager started on node nonode@nohost
2019-03-20 21:05:03.206 [info] <0.43.0> Application jsx started on node nonode@nohost
2019-03-20 21:05:03.210 [info] <0.43.0> Application ranch started on node nonode@nohost
2019-03-20 21:05:03.211 [info] <0.43.0> Application recon started on node nonode@nohost
2019-03-20 21:05:03.211 [info] <0.43.0> Application rabbit_common started on node nonode@nohost
2019-03-20 21:05:03.217 [info] <0.43.0> Application amqp_client started on node nonode@nohost
2019-03-20 21:05:11.344 [info] <0.43.0> Application lager started on node nonode@nohost
2019-03-20 21:05:11.346 [info] <0.43.0> Application jsx started on node nonode@nohost
2019-03-20 21:05:11.349 [info] <0.43.0> Application ranch started on node nonode@nohost
2019-03-20 21:05:11.350 [info] <0.43.0> Application recon started on node nonode@nohost
2019-03-20 21:05:11.350 [info] <0.43.0> Application rabbit_common started on node nonode@nohost
2019-03-20 21:05:11.356 [info] <0.43.0> Application amqp_client started on node nonode@nohost
2019-03-20 21:11:50.185 [info] <0.43.0> Application lager started on node nonode@nohost
2019-03-20 21:11:50.187 [info] <0.43.0> Application jsx started on node nonode@nohost
2019-03-20 21:11:50.192 [info] <0.43.0> Application ranch started on node nonode@nohost
2019-03-20 21:11:50.192 [info] <0.43.0> Application recon started on node nonode@nohost
2019-03-20 21:11:50.192 [info] <0.43.0> Application rabbit_common started on node nonode@nohost
2019-03-20 21:11:50.198 [info] <0.43.0> Application amqp_client started on node nonode@nohost
2019-03-20 21:12:03.298 [info] <0.43.0> Application lager started on node nonode@nohost
2019-03-20 21:12:03.300 [info] <0.43.0> Application jsx started on node nonode@nohost
2019-03-20 21:12:03.304 [info] <0.43.0> Application ranch started on node nonode@nohost
2019-03-20 21:12:03.305 [info] <0.43.0> Application recon started on node nonode@nohost
2019-03-20 21:12:03.305 [info] <0.43.0> Application rabbit_common started on node nonode@nohost
2019-03-20 21:12:03.314 [info] <0.43.0> Application amqp_client started on node nonode@nohost
2019-03-20 21:14:46.725 [info] <0.43.0> Application lager started on node nonode@nohost
2019-03-20 21:14:46.726 [info] <0.43.0> Application jsx started on node nonode@nohost
2019-03-20 21:14:46.730 [info] <0.43.0> Application ranch started on node nonode@nohost
2019-03-20 21:14:46.731 [info] <0.43.0> Application recon started on node nonode@nohost
2019-03-20 21:14:46.731 [info] <0.43.0> Application rabbit_common started on node nonode@nohost
2019-03-20 21:14:46.737 [info] <0.43.0> Application amqp_client started on node nonode@nohost
2019-03-20 21:14:57.544 [info] <0.43.0> Application lager started on node nonode@nohost
2019-03-20 21:14:57.545 [info] <0.43.0> Application jsx started on node nonode@nohost
2019-03-20 21:14:57.549 [info] <0.43.0> Application ranch started on node nonode@nohost
2019-03-20 21:14:57.550 [info] <0.43.0> Application recon started on node nonode@nohost
2019-03-20 21:14:57.550 [info] <0.43.0> Application rabbit_common started on node nonode@nohost
2019-03-20 21:14:57.556 [info] <0.43.0> Application amqp_client started on node nonode@nohost
2019-03-20 21:15:02.618 [info] <0.43.0> Application lager started on node nonode@nohost
2019-03-20 21:15:02.620 [info] <0.43.0> Application jsx started on node nonode@nohost
2019-03-20 21:15:02.624 [info] <0.43.0> Application ranch started on node nonode@nohost
2019-03-20 21:15:02.624 [info] <0.43.0> Application recon started on node nonode@nohost
2019-03-20 21:15:02.624 [info] <0.43.0> Application rabbit_common started on node nonode@nohost
2019-03-20 21:15:02.630 [info] <0.43.0> Application amqp_client started on node nonode@nohost
2019-03-20 21:15:16.481 [info] <0.43.0> Application lager started on node nonode@nohost
2019-03-20 21:15:16.483 [info] <0.43.0> Application jsx started on node nonode@nohost
2019-03-20 21:15:16.487 [info] <0.43.0> Application ranch started on node nonode@nohost
2019-03-20 21:15:16.487 [info] <0.43.0> Application recon started on node nonode@nohost
2019-03-20 21:15:16.487 [info] <0.43.0> Application rabbit_common started on node nonode@nohost
2019-03-20 21:15:16.494 [info] <0.43.0> Application amqp_client started on node nonode@nohost
2019-03-20 21:15:30.726 [info] <0.43.0> Application lager started on node nonode@nohost
2019-03-20 21:15:30.728 [info] <0.43.0> Application jsx started on node nonode@nohost
2019-03-20 21:15:30.731 [info] <0.43.0> Application ranch started on node nonode@nohost
2019-03-20 21:15:30.732 [info] <0.43.0> Application recon started on node nonode@nohost
2019-03-20 21:15:30.732 [info] <0.43.0> Application rabbit_common started on node nonode@nohost
2019-03-20 21:15:30.738 [info] <0.43.0> Application amqp_client started on node nonode@nohost
