2019-03-19 22:19:15 =ERROR REPORT====
Error in process <0.12572.0> with exit value:
{#{'__exception__' => true,'__struct__' => 'Elixir.SyntaxError',description => <<"unexpected token: end">>,file => <<"nofile">>,line => 7},[{'Elixir.ElixirLS.LanguageServer.Providers.DocumentSymbols',list_symbols,1,[{file,"lib/language_server/providers/document_symbols.ex"},{line,41}]},{'Elixir.ElixirLS.LanguageServer.Providers.DocumentSymbols',symbols,2,[{file,"lib/language_server/providers/document_symbols.ex"},{line,35}]},{'Elixir.ElixirLS.LanguageServer.Server','-handle_request_async/2-fun-0-',3,[{file,"lib/language_server/server.ex"},{line,412}]}]}
2019-03-19 22:19:18 =ERROR REPORT====
Error in process <0.15599.0> with exit value:
{{badmatch,{defmodule,[{line,0},{column,1}],nil}},[{'Elixir.ElixirLS.LanguageServer.Providers.DocumentSymbols',extract_module,1,[{file,"lib/language_server/providers/document_symbols.ex"},{line,51}]},{'Elixir.ElixirLS.LanguageServer.Providers.DocumentSymbols','-list_symbols/1-fun-0-',2,[{file,"lib/language_server/providers/document_symbols.ex"},{line,43}]},{'Elixir.Macro',traverse,4,[{file,"lib/macro.ex"},{line,247}]},{'Elixir.ElixirLS.LanguageServer.Providers.DocumentSymbols',list_symbols,1,[{file,"lib/language_server/providers/document_symbols.ex"},{line,42}]},{'Elixir.ElixirLS.LanguageServer.Providers.DocumentSymbols',symbols,2,[{file,"lib/language_server/providers/document_symbols.ex"},{line,35}]},{'Elixir.ElixirLS.LanguageServer.Server','-handle_request_async/2-fun-0-',3,[{file,"lib/language_server/server.ex"},{line,412}]}]}
2019-03-19 22:19:20 =ERROR REPORT====
Error in process <0.17026.0> with exit value:
{{badmatch,{defmodule,[{line,0},{column,1}],[{'__aliases__',[{line,0},{column,11}],['Consumer']}]}},[{'Elixir.ElixirLS.LanguageServer.Providers.DocumentSymbols',extract_module,1,[{file,"lib/language_server/providers/document_symbols.ex"},{line,51}]},{'Elixir.ElixirLS.LanguageServer.Providers.DocumentSymbols','-list_symbols/1-fun-0-',2,[{file,"lib/language_server/providers/document_symbols.ex"},{line,43}]},{'Elixir.Macro',traverse,4,[{file,"lib/macro.ex"},{line,247}]},{'Elixir.ElixirLS.LanguageServer.Providers.DocumentSymbols',list_symbols,1,[{file,"lib/language_server/providers/document_symbols.ex"},{line,42}]},{'Elixir.ElixirLS.LanguageServer.Providers.DocumentSymbols',symbols,2,[{file,"lib/language_server/providers/document_symbols.ex"},{line,35}]},{'Elixir.ElixirLS.LanguageServer.Server','-handle_request_async/2-fun-0-',3,[{file,"lib/language_server/server.ex"},{line,412}]}]}
2019-03-19 22:19:21 =ERROR REPORT====
Error in process <0.18720.0> with exit value:
{#{'__exception__' => true,'__struct__' => 'Elixir.SyntaxError',description => <<"unexpected token: end\n\n    HINT: it looks like the \"end\" on line 8 does not have a matching \"do\" defined before it\n">>,file => <<"nofile">>,line => 19},[{'Elixir.ElixirLS.LanguageServer.Providers.DocumentSymbols',list_symbols,1,[{file,"lib/language_server/providers/document_symbols.ex"},{line,41}]},{'Elixir.ElixirLS.LanguageServer.Providers.DocumentSymbols',symbols,2,[{file,"lib/language_server/providers/document_symbols.ex"},{line,35}]},{'Elixir.ElixirLS.LanguageServer.Server','-handle_request_async/2-fun-0-',3,[{file,"lib/language_server/server.ex"},{line,412}]}]}
2019-03-19 22:19:22 =ERROR REPORT====
Error in process <0.19303.0> with exit value:
{#{'__exception__' => true,'__struct__' => 'Elixir.SyntaxError',description => <<"unexpected token: end\n\n    HINT: it looks like the \"end\" on line 9 does not have a matching \"do\" defined before it\n">>,file => <<"nofile">>,line => 20},[{'Elixir.Code','format_string!',2,[{file,"lib/code.ex"},{line,538}]},{'Elixir.ElixirLS.LanguageServer.Providers.Formatting',format,3,[{file,"lib/language_server/providers/formatting.ex"},{line,13}]},{'Elixir.ElixirLS.LanguageServer.Server','-handle_request_async/2-fun-0-',3,[{file,"lib/language_server/server.ex"},{line,412}]}]}
2019-03-19 22:19:22 =ERROR REPORT====
Error in process <0.19607.0> with exit value:
{#{'__exception__' => true,'__struct__' => 'Elixir.SyntaxError',description => <<"unexpected token: end\n\n    HINT: it looks like the \"end\" on line 8 does not have a matching \"do\" defined before it\n">>,file => <<"nofile">>,line => 19},[{'Elixir.ElixirLS.LanguageServer.Providers.DocumentSymbols',list_symbols,1,[{file,"lib/language_server/providers/document_symbols.ex"},{line,41}]},{'Elixir.ElixirLS.LanguageServer.Providers.DocumentSymbols',symbols,2,[{file,"lib/language_server/providers/document_symbols.ex"},{line,35}]},{'Elixir.ElixirLS.LanguageServer.Server','-handle_request_async/2-fun-0-',3,[{file,"lib/language_server/server.ex"},{line,412}]}]}
2019-03-19 22:19:23 =ERROR REPORT====
Error in process <0.20153.0> with exit value:
{#{'__exception__' => true,'__struct__' => 'Elixir.SyntaxError',description => <<"unexpected token: end\n\n    HINT: it looks like the \"end\" on line 8 does not have a matching \"do\" defined before it\n">>,file => <<"nofile">>,line => 19},[{'Elixir.ElixirLS.LanguageServer.Providers.DocumentSymbols',list_symbols,1,[{file,"lib/language_server/providers/document_symbols.ex"},{line,41}]},{'Elixir.ElixirLS.LanguageServer.Providers.DocumentSymbols',symbols,2,[{file,"lib/language_server/providers/document_symbols.ex"},{line,35}]},{'Elixir.ElixirLS.LanguageServer.Server','-handle_request_async/2-fun-0-',3,[{file,"lib/language_server/server.ex"},{line,412}]}]}
2019-03-19 22:20:04 =ERROR REPORT====
Error in process <0.2189.1> with exit value:
{#{'__exception__' => true,'__struct__' => 'Elixir.SyntaxError',description => <<"unexpected token: end\n\n    HINT: it looks like the \"end\" on line 9 does not have a matching \"do\" defined before it\n">>,file => <<"nofile">>,line => 20},[{'Elixir.ElixirLS.LanguageServer.Providers.DocumentSymbols',list_symbols,1,[{file,"lib/language_server/providers/document_symbols.ex"},{line,41}]},{'Elixir.ElixirLS.LanguageServer.Providers.DocumentSymbols',symbols,2,[{file,"lib/language_server/providers/document_symbols.ex"},{line,35}]},{'Elixir.ElixirLS.LanguageServer.Server','-handle_request_async/2-fun-0-',3,[{file,"lib/language_server/server.ex"},{line,412}]}]}
2019-03-19 22:20:22 =ERROR REPORT====
Error in process <0.3294.1> with exit value:
{#{'__exception__' => true,'__struct__' => 'Elixir.SyntaxError',description => <<"unexpected token: end\n\n    HINT: it looks like the \"end\" on line 3 does not have a matching \"do\" defined before it\n">>,file => <<"nofile">>,line => 14},[{'Elixir.ElixirLS.LanguageServer.Providers.DocumentSymbols',list_symbols,1,[{file,"lib/language_server/providers/document_symbols.ex"},{line,41}]},{'Elixir.ElixirLS.LanguageServer.Providers.DocumentSymbols',symbols,2,[{file,"lib/language_server/providers/document_symbols.ex"},{line,35}]},{'Elixir.ElixirLS.LanguageServer.Server','-handle_request_async/2-fun-0-',3,[{file,"lib/language_server/server.ex"},{line,412}]}]}
2019-03-19 22:21:06 =ERROR REPORT====
Error in process <0.8778.1> with exit value:
{#{'__exception__' => true,'__struct__' => 'Elixir.TokenMissingError',description => <<"missing terminator: end (for \"do\" starting at line 0)">>,file => <<"nofile">>,line => 20},[{'Elixir.ElixirLS.LanguageServer.Providers.DocumentSymbols',list_symbols,1,[{file,"lib/language_server/providers/document_symbols.ex"},{line,41}]},{'Elixir.ElixirLS.LanguageServer.Providers.DocumentSymbols',symbols,2,[{file,"lib/language_server/providers/document_symbols.ex"},{line,35}]},{'Elixir.ElixirLS.LanguageServer.Server','-handle_request_async/2-fun-0-',3,[{file,"lib/language_server/server.ex"},{line,412}]}]}
2019-03-19 22:21:08 =ERROR REPORT====
Error in process <0.8782.1> with exit value:
{#{'__exception__' => true,'__struct__' => 'Elixir.SyntaxError',description => <<"unexpected token: end\n\n    HINT: it looks like the \"end\" on line 12 does not have a matching \"do\" defined before it\n">>,file => <<"nofile">>,line => 13},[{'Elixir.ElixirLS.LanguageServer.Providers.DocumentSymbols',list_symbols,1,[{file,"lib/language_server/providers/document_symbols.ex"},{line,41}]},{'Elixir.ElixirLS.LanguageServer.Providers.DocumentSymbols',symbols,2,[{file,"lib/language_server/providers/document_symbols.ex"},{line,35}]},{'Elixir.ElixirLS.LanguageServer.Server','-handle_request_async/2-fun-0-',3,[{file,"lib/language_server/server.ex"},{line,412}]}]}
2019-03-19 22:21:11 =ERROR REPORT====
Error in process <0.8791.1> with exit value:
{#{'__exception__' => true,'__struct__' => 'Elixir.TokenMissingError',description => <<"syntax error: expression is incomplete">>,file => <<"nofile">>,line => 21},[{'Elixir.ElixirLS.LanguageServer.Providers.DocumentSymbols',list_symbols,1,[{file,"lib/language_server/providers/document_symbols.ex"},{line,41}]},{'Elixir.ElixirLS.LanguageServer.Providers.DocumentSymbols',symbols,2,[{file,"lib/language_server/providers/document_symbols.ex"},{line,35}]},{'Elixir.ElixirLS.LanguageServer.Server','-handle_request_async/2-fun-0-',3,[{file,"lib/language_server/server.ex"},{line,412}]}]}
2019-03-19 22:21:22 =ERROR REPORT====
Error in process <0.8815.1> with exit value:
{#{'__exception__' => true,'__struct__' => 'Elixir.TokenMissingError',description => <<"syntax error: expression is incomplete">>,file => <<"nofile">>,line => 20},[{'Elixir.ElixirLS.LanguageServer.Providers.DocumentSymbols',list_symbols,1,[{file,"lib/language_server/providers/document_symbols.ex"},{line,41}]},{'Elixir.ElixirLS.LanguageServer.Providers.DocumentSymbols',symbols,2,[{file,"lib/language_server/providers/document_symbols.ex"},{line,35}]},{'Elixir.ElixirLS.LanguageServer.Server','-handle_request_async/2-fun-0-',3,[{file,"lib/language_server/server.ex"},{line,412}]}]}
2019-03-19 22:25:03 =ERROR REPORT====
Error in process <0.8950.1> with exit value:
{#{'__exception__' => true,'__struct__' => 'Elixir.SyntaxError',description => <<"syntax error before: ')'">>,file => <<"nofile">>,line => 9},[{'Elixir.ElixirLS.LanguageServer.Providers.DocumentSymbols',list_symbols,1,[{file,"lib/language_server/providers/document_symbols.ex"},{line,41}]},{'Elixir.ElixirLS.LanguageServer.Providers.DocumentSymbols',symbols,2,[{file,"lib/language_server/providers/document_symbols.ex"},{line,35}]},{'Elixir.ElixirLS.LanguageServer.Server','-handle_request_async/2-fun-0-',3,[{file,"lib/language_server/server.ex"},{line,412}]}]}
2019-03-19 22:25:15 =ERROR REPORT====
Error in process <0.8976.1> with exit value:
{#{'__exception__' => true,'__struct__' => 'Elixir.TokenMissingError',description => <<"missing terminator: ' (for string starting at line 12)">>,file => <<"nofile">>,line => 14},[{'Elixir.ElixirLS.LanguageServer.Providers.DocumentSymbols',list_symbols,1,[{file,"lib/language_server/providers/document_symbols.ex"},{line,41}]},{'Elixir.ElixirLS.LanguageServer.Providers.DocumentSymbols',symbols,2,[{file,"lib/language_server/providers/document_symbols.ex"},{line,35}]},{'Elixir.ElixirLS.LanguageServer.Server','-handle_request_async/2-fun-0-',3,[{file,"lib/language_server/server.ex"},{line,412}]}]}
2019-03-19 22:25:16 =ERROR REPORT====
Error in process <0.8978.1> with exit value:
{#{'__exception__' => true,'__struct__' => 'Elixir.TokenMissingError',description => <<"missing terminator: ' (for string starting at line 12)">>,file => <<"nofile">>,line => 14},[{'Elixir.ElixirLS.LanguageServer.Providers.DocumentSymbols',list_symbols,1,[{file,"lib/language_server/providers/document_symbols.ex"},{line,41}]},{'Elixir.ElixirLS.LanguageServer.Providers.DocumentSymbols',symbols,2,[{file,"lib/language_server/providers/document_symbols.ex"},{line,35}]},{'Elixir.ElixirLS.LanguageServer.Server','-handle_request_async/2-fun-0-',3,[{file,"lib/language_server/server.ex"},{line,412}]}]}
2019-03-19 22:25:37 =ERROR REPORT====
Error in process <0.8999.1> with exit value:
{#{'__exception__' => true,'__struct__' => 'Elixir.SyntaxError',description => <<"syntax error before: 'end'">>,file => <<"nofile">>,line => 8},[{'Elixir.ElixirLS.LanguageServer.Providers.DocumentSymbols',list_symbols,1,[{file,"lib/language_server/providers/document_symbols.ex"},{line,41}]},{'Elixir.ElixirLS.LanguageServer.Providers.DocumentSymbols',symbols,2,[{file,"lib/language_server/providers/document_symbols.ex"},{line,35}]},{'Elixir.ElixirLS.LanguageServer.Server','-handle_request_async/2-fun-0-',3,[{file,"lib/language_server/server.ex"},{line,412}]}]}
2019-03-19 22:25:42 =ERROR REPORT====
Error in process <0.9009.1> with exit value:
{#{'__exception__' => true,'__struct__' => 'Elixir.SyntaxError',description => <<"syntax error before: 'end'">>,file => <<"nofile">>,line => 9},[{'Elixir.ElixirLS.LanguageServer.Providers.DocumentSymbols',list_symbols,1,[{file,"lib/language_server/providers/document_symbols.ex"},{line,41}]},{'Elixir.ElixirLS.LanguageServer.Providers.DocumentSymbols',symbols,2,[{file,"lib/language_server/providers/document_symbols.ex"},{line,35}]},{'Elixir.ElixirLS.LanguageServer.Server','-handle_request_async/2-fun-0-',3,[{file,"lib/language_server/server.ex"},{line,412}]}]}
2019-03-19 22:25:43 =ERROR REPORT====
Error in process <0.9012.1> with exit value:
{#{'__exception__' => true,'__struct__' => 'Elixir.SyntaxError',description => <<"syntax error before: 'end'">>,file => <<"nofile">>,line => 9},[{'Elixir.ElixirLS.LanguageServer.Providers.DocumentSymbols',list_symbols,1,[{file,"lib/language_server/providers/document_symbols.ex"},{line,41}]},{'Elixir.ElixirLS.LanguageServer.Providers.DocumentSymbols',symbols,2,[{file,"lib/language_server/providers/document_symbols.ex"},{line,35}]},{'Elixir.ElixirLS.LanguageServer.Server','-handle_request_async/2-fun-0-',3,[{file,"lib/language_server/server.ex"},{line,412}]}]}
2019-03-19 22:25:48 =ERROR REPORT====
Error in process <0.9026.1> with exit value:
{#{'__exception__' => true,'__struct__' => 'Elixir.SyntaxError',description => <<"unexpected token: ). The \"fn\" at line 8 is missing terminator \"end\"">>,file => <<"nofile">>,line => 8},[{'Elixir.ElixirLS.LanguageServer.Providers.DocumentSymbols',list_symbols,1,[{file,"lib/language_server/providers/document_symbols.ex"},{line,41}]},{'Elixir.ElixirLS.LanguageServer.Providers.DocumentSymbols',symbols,2,[{file,"lib/language_server/providers/document_symbols.ex"},{line,35}]},{'Elixir.ElixirLS.LanguageServer.Server','-handle_request_async/2-fun-0-',3,[{file,"lib/language_server/server.ex"},{line,412}]}]}
2019-03-19 22:25:48 =ERROR REPORT====
Error in process <0.9028.1> with exit value:
{#{'__exception__' => true,'__struct__' => 'Elixir.SyntaxError',description => <<"unexpected token: ). The \"fn\" at line 8 is missing terminator \"end\"">>,file => <<"nofile">>,line => 8},[{'Elixir.ElixirLS.LanguageServer.Providers.DocumentSymbols',list_symbols,1,[{file,"lib/language_server/providers/document_symbols.ex"},{line,41}]},{'Elixir.ElixirLS.LanguageServer.Providers.DocumentSymbols',symbols,2,[{file,"lib/language_server/providers/document_symbols.ex"},{line,35}]},{'Elixir.ElixirLS.LanguageServer.Server','-handle_request_async/2-fun-0-',3,[{file,"lib/language_server/server.ex"},{line,412}]}]}
2019-03-19 22:25:50 =ERROR REPORT====
Error in process <0.9032.1> with exit value:
{#{'__exception__' => true,'__struct__' => 'Elixir.SyntaxError',description => <<"unexpected token: ). The \"fn\" at line 8 is missing terminator \"end\"">>,file => <<"nofile">>,line => 8},[{'Elixir.ElixirLS.LanguageServer.Providers.DocumentSymbols',list_symbols,1,[{file,"lib/language_server/providers/document_symbols.ex"},{line,41}]},{'Elixir.ElixirLS.LanguageServer.Providers.DocumentSymbols',symbols,2,[{file,"lib/language_server/providers/document_symbols.ex"},{line,35}]},{'Elixir.ElixirLS.LanguageServer.Server','-handle_request_async/2-fun-0-',3,[{file,"lib/language_server/server.ex"},{line,412}]}]}
2019-03-19 22:25:50 =ERROR REPORT====
Error in process <0.9034.1> with exit value:
{#{'__exception__' => true,'__struct__' => 'Elixir.SyntaxError',description => <<"unexpected token: ). The \"fn\" at line 8 is missing terminator \"end\"">>,file => <<"nofile">>,line => 8},[{'Elixir.ElixirLS.LanguageServer.Providers.DocumentSymbols',list_symbols,1,[{file,"lib/language_server/providers/document_symbols.ex"},{line,41}]},{'Elixir.ElixirLS.LanguageServer.Providers.DocumentSymbols',symbols,2,[{file,"lib/language_server/providers/document_symbols.ex"},{line,35}]},{'Elixir.ElixirLS.LanguageServer.Server','-handle_request_async/2-fun-0-',3,[{file,"lib/language_server/server.ex"},{line,412}]}]}
2019-03-19 22:25:51 =ERROR REPORT====
Error in process <0.9036.1> with exit value:
{#{'__exception__' => true,'__struct__' => 'Elixir.SyntaxError',description => <<"unexpected token: ). The \"fn\" at line 8 is missing terminator \"end\"">>,file => <<"nofile">>,line => 8},[{'Elixir.ElixirLS.LanguageServer.Providers.DocumentSymbols',list_symbols,1,[{file,"lib/language_server/providers/document_symbols.ex"},{line,41}]},{'Elixir.ElixirLS.LanguageServer.Providers.DocumentSymbols',symbols,2,[{file,"lib/language_server/providers/document_symbols.ex"},{line,35}]},{'Elixir.ElixirLS.LanguageServer.Server','-handle_request_async/2-fun-0-',3,[{file,"lib/language_server/server.ex"},{line,412}]}]}
2019-03-19 22:25:52 =ERROR REPORT====
Error in process <0.9038.1> with exit value:
{#{'__exception__' => true,'__struct__' => 'Elixir.SyntaxError',description => <<"unexpected token: end. The \"(\" at line 8 is missing terminator \")\"">>,file => <<"nofile">>,line => 12},[{'Elixir.ElixirLS.LanguageServer.Providers.DocumentSymbols',list_symbols,1,[{file,"lib/language_server/providers/document_symbols.ex"},{line,41}]},{'Elixir.ElixirLS.LanguageServer.Providers.DocumentSymbols',symbols,2,[{file,"lib/language_server/providers/document_symbols.ex"},{line,35}]},{'Elixir.ElixirLS.LanguageServer.Server','-handle_request_async/2-fun-0-',3,[{file,"lib/language_server/server.ex"},{line,412}]}]}
2019-03-19 22:25:53 =ERROR REPORT====
Error in process <0.9041.1> with exit value:
{#{'__exception__' => true,'__struct__' => 'Elixir.SyntaxError',description => <<"unexpected token: ). The \"fn\" at line 8 is missing terminator \"end\"">>,file => <<"nofile">>,line => 8},[{'Elixir.ElixirLS.LanguageServer.Providers.DocumentSymbols',list_symbols,1,[{file,"lib/language_server/providers/document_symbols.ex"},{line,41}]},{'Elixir.ElixirLS.LanguageServer.Providers.DocumentSymbols',symbols,2,[{file,"lib/language_server/providers/document_symbols.ex"},{line,35}]},{'Elixir.ElixirLS.LanguageServer.Server','-handle_request_async/2-fun-0-',3,[{file,"lib/language_server/server.ex"},{line,412}]}]}
2019-03-19 22:25:54 =ERROR REPORT====
Error in process <0.9043.1> with exit value:
{#{'__exception__' => true,'__struct__' => 'Elixir.SyntaxError',description => <<"unexpected token: ). The \"fn\" at line 8 is missing terminator \"end\"">>,file => <<"nofile">>,line => 8},[{'Elixir.ElixirLS.LanguageServer.Providers.DocumentSymbols',list_symbols,1,[{file,"lib/language_server/providers/document_symbols.ex"},{line,41}]},{'Elixir.ElixirLS.LanguageServer.Providers.DocumentSymbols',symbols,2,[{file,"lib/language_server/providers/document_symbols.ex"},{line,35}]},{'Elixir.ElixirLS.LanguageServer.Server','-handle_request_async/2-fun-0-',3,[{file,"lib/language_server/server.ex"},{line,412}]}]}
2019-03-19 22:25:55 =ERROR REPORT====
Error in process <0.9045.1> with exit value:
{#{'__exception__' => true,'__struct__' => 'Elixir.SyntaxError',description => <<"unexpected token: end. The \"(\" at line 8 is missing terminator \")\"">>,file => <<"nofile">>,line => 12},[{'Elixir.ElixirLS.LanguageServer.Providers.DocumentSymbols',list_symbols,1,[{file,"lib/language_server/providers/document_symbols.ex"},{line,41}]},{'Elixir.ElixirLS.LanguageServer.Providers.DocumentSymbols',symbols,2,[{file,"lib/language_server/providers/document_symbols.ex"},{line,35}]},{'Elixir.ElixirLS.LanguageServer.Server','-handle_request_async/2-fun-0-',3,[{file,"lib/language_server/server.ex"},{line,412}]}]}
2019-03-19 22:25:57 =ERROR REPORT====
Error in process <0.9051.1> with exit value:
{#{'__exception__' => true,'__struct__' => 'Elixir.SyntaxError',description => <<"syntax error before: 'end'">>,file => <<"nofile">>,line => 10},[{'Elixir.ElixirLS.LanguageServer.Providers.DocumentSymbols',list_symbols,1,[{file,"lib/language_server/providers/document_symbols.ex"},{line,41}]},{'Elixir.ElixirLS.LanguageServer.Providers.DocumentSymbols',symbols,2,[{file,"lib/language_server/providers/document_symbols.ex"},{line,35}]},{'Elixir.ElixirLS.LanguageServer.Server','-handle_request_async/2-fun-0-',3,[{file,"lib/language_server/server.ex"},{line,412}]}]}
2019-03-19 22:26:00 =ERROR REPORT====
Error in process <0.9058.1> with exit value:
{#{'__exception__' => true,'__struct__' => 'Elixir.TokenMissingError',description => <<"missing terminator: end (for \"do\" starting at line 0)">>,file => <<"nofile">>,line => 23},[{'Elixir.ElixirLS.LanguageServer.Providers.DocumentSymbols',list_symbols,1,[{file,"lib/language_server/providers/document_symbols.ex"},{line,41}]},{'Elixir.ElixirLS.LanguageServer.Providers.DocumentSymbols',symbols,2,[{file,"lib/language_server/providers/document_symbols.ex"},{line,35}]},{'Elixir.ElixirLS.LanguageServer.Server','-handle_request_async/2-fun-0-',3,[{file,"lib/language_server/server.ex"},{line,412}]}]}
2019-03-19 22:26:04 =ERROR REPORT====
Error in process <0.9067.1> with exit value:
{#{'__exception__' => true,'__struct__' => 'Elixir.SyntaxError',description => <<"syntax error before: 'end'">>,file => <<"nofile">>,line => 11},[{'Elixir.ElixirLS.LanguageServer.Providers.DocumentSymbols',list_symbols,1,[{file,"lib/language_server/providers/document_symbols.ex"},{line,41}]},{'Elixir.ElixirLS.LanguageServer.Providers.DocumentSymbols',symbols,2,[{file,"lib/language_server/providers/document_symbols.ex"},{line,35}]},{'Elixir.ElixirLS.LanguageServer.Server','-handle_request_async/2-fun-0-',3,[{file,"lib/language_server/server.ex"},{line,412}]}]}
2019-03-19 22:26:09 =ERROR REPORT====
Error in process <0.9077.1> with exit value:
{#{'__exception__' => true,'__struct__' => 'Elixir.SyntaxError',description => <<"syntax error before: 'end'">>,file => <<"nofile">>,line => 12},[{'Elixir.ElixirLS.LanguageServer.Providers.DocumentSymbols',list_symbols,1,[{file,"lib/language_server/providers/document_symbols.ex"},{line,41}]},{'Elixir.ElixirLS.LanguageServer.Providers.DocumentSymbols',symbols,2,[{file,"lib/language_server/providers/document_symbols.ex"},{line,35}]},{'Elixir.ElixirLS.LanguageServer.Server','-handle_request_async/2-fun-0-',3,[{file,"lib/language_server/server.ex"},{line,412}]}]}
2019-03-19 22:26:10 =ERROR REPORT====
Error in process <0.9079.1> with exit value:
{#{'__exception__' => true,'__struct__' => 'Elixir.SyntaxError',description => <<"syntax error before: 'end'">>,file => <<"nofile">>,line => 12},[{'Elixir.ElixirLS.LanguageServer.Providers.DocumentSymbols',list_symbols,1,[{file,"lib/language_server/providers/document_symbols.ex"},{line,41}]},{'Elixir.ElixirLS.LanguageServer.Providers.DocumentSymbols',symbols,2,[{file,"lib/language_server/providers/document_symbols.ex"},{line,35}]},{'Elixir.ElixirLS.LanguageServer.Server','-handle_request_async/2-fun-0-',3,[{file,"lib/language_server/server.ex"},{line,412}]}]}
2019-03-19 22:26:10 =ERROR REPORT====
Error in process <0.9082.1> with exit value:
{#{'__exception__' => true,'__struct__' => 'Elixir.SyntaxError',description => <<"syntax error before: 'end'">>,file => <<"nofile">>,line => 12},[{'Elixir.ElixirLS.LanguageServer.Providers.DocumentSymbols',list_symbols,1,[{file,"lib/language_server/providers/document_symbols.ex"},{line,41}]},{'Elixir.ElixirLS.LanguageServer.Providers.DocumentSymbols',symbols,2,[{file,"lib/language_server/providers/document_symbols.ex"},{line,35}]},{'Elixir.ElixirLS.LanguageServer.Server','-handle_request_async/2-fun-0-',3,[{file,"lib/language_server/server.ex"},{line,412}]}]}
2019-03-19 22:27:10 =ERROR REPORT====
Error in process <0.9107.1> with exit value:
{function_clause,[{'Elixir.ElixirSense.Core.Introspection',extract_spec_ast_parts,[{tref,[],[]}],[{file,"lib/elixir_sense/core/introspection.ex"},{line,282}]},{'Elixir.ElixirSense.Core.Introspection',format_spec_ast,1,[{file,"lib/elixir_sense/core/introspection.ex"},{line,226}]},{'Elixir.ElixirSense.Core.Introspection',format_type,1,[{file,"lib/elixir_sense/core/introspection.ex"},{line,208}]},{'Elixir.ElixirSense.Core.Introspection','-get_types_with_docs/1-fun-0-',2,[{file,"lib/elixir_sense/core/introspection.ex"},{line,181}]},{'Elixir.Enum','-map/2-lists^map/1-0-',2,[{file,"lib/enum.ex"},{line,1327}]},{'Elixir.ElixirSense.Core.Introspection',get_types_md,1,[{file,"lib/elixir_sense/core/introspection.ex"},{line,128}]},{'Elixir.ElixirSense.Core.Introspection',get_all_docs,1,[{file,"lib/elixir_sense/core/introspection.ex"},{line,78}]},{'Elixir.ElixirSense.Providers.Docs',all,4,[{file,"lib/elixir_sense/providers/docs.ex"},{line,13}]}]}
2019-03-20 20:56:45 =ERROR REPORT====
Error in process <0.395.0> with exit value:
{#{'__exception__' => true,'__struct__' => 'Elixir.SyntaxError',description => <<"syntax error before: ')'">>,file => <<"nofile">>,line => 14},[{'Elixir.ElixirLS.LanguageServer.Providers.DocumentSymbols',list_symbols,1,[{file,"lib/language_server/providers/document_symbols.ex"},{line,41}]},{'Elixir.ElixirLS.LanguageServer.Providers.DocumentSymbols',symbols,2,[{file,"lib/language_server/providers/document_symbols.ex"},{line,35}]},{'Elixir.ElixirLS.LanguageServer.Server','-handle_request_async/2-fun-0-',3,[{file,"lib/language_server/server.ex"},{line,412}]}]}
2019-03-20 21:02:55 =SUPERVISOR REPORT====
     Supervisor: {<0.218.0>,amqp_channel_sup_sup}
     Context:    shutdown_error
     Reason:     shutdown
     Offender:   [{nb_children,1},{name,channel_sup},{mfargs,{amqp_channel_sup,start_link,[network,<0.214.0>,<<"client 127.0.0.1:43843 -> 127.0.0.1:5672">>]}},{restart_type,temporary},{shutdown,infinity},{child_type,supervisor}]

